DEBUG     Checking PHPLS_ALLOW_XDEBUG

DEBUG     The xdebug extension is not loaded

[Info  - 2:24:36 PM] 479 files total
[Info  - 2:24:36 PM] Indexing project for definitions and static references
Parsing file:///opt/lampp/htdocs/project/index.php
Parsing file:///opt/lampp/htdocs/project/application/libraries/Pdf.php
Parsing file:///opt/lampp/htdocs/project/application/libraries/Template.php
Parsing file:///opt/lampp/htdocs/project/application/libraries/Pdfcon.php
Parsing file:///opt/lampp/htdocs/project/application/models/Golongan_model.php
Parsing file:///opt/lampp/htdocs/project/application/models/Jabatan_model.php
Parsing file:///opt/lampp/htdocs/project/application/models/Pegawai_model.php
Parsing file:///opt/lampp/htdocs/project/application/models/Cuti_model.php
Parsing file:///opt/lampp/htdocs/project/application/models/User_model.php
Parsing file:///opt/lampp/htdocs/project/application/third_party/fpdf/makefont/ttfparser.php
Parsing file:///opt/lampp/htdocs/project/application/third_party/fpdf/makefont/makefont.php
Parsing file:///opt/lampp/htdocs/project/application/third_party/fpdf/font/courierbi.php
Parsing file:///opt/lampp/htdocs/project/application/third_party/fpdf/font/times.php
Parsing file:///opt/lampp/htdocs/project/application/third_party/fpdf/font/courier.php
Parsing file:///opt/lampp/htdocs/project/application/third_party/fpdf/font/symbol.php
Parsing file:///opt/lampp/htdocs/project/application/third_party/fpdf/font/courierb.php
Parsing file:///opt/lampp/htdocs/project/application/third_party/fpdf/font/helveticabi.php
Parsing file:///opt/lampp/htdocs/project/application/third_party/fpdf/font/zapfdingbats.php
Parsing file:///opt/lampp/htdocs/project/application/third_party/fpdf/font/helvetica.php
Parsing file:///opt/lampp/htdocs/project/application/third_party/fpdf/font/helveticab.php
Parsing file:///opt/lampp/htdocs/project/application/third_party/fpdf/font/timesb.php
Parsing file:///opt/lampp/htdocs/project/application/third_party/fpdf/font/timesi.php
Parsing file:///opt/lampp/htdocs/project/application/third_party/fpdf/font/courieri.php
Parsing file:///opt/lampp/htdocs/project/application/third_party/fpdf/font/timesbi.php
Parsing file:///opt/lampp/htdocs/project/application/third_party/fpdf/font/helveticai.php
Parsing file:///opt/lampp/htdocs/project/application/third_party/fpdf/fpdf.php
Parsing file:///opt/lampp/htdocs/project/application/third_party/fpdf/tutorial/makefont.php
Parsing file:///opt/lampp/htdocs/project/application/third_party/fpdf/tutorial/tuto2.php
Parsing file:///opt/lampp/htdocs/project/application/third_party/fpdf/tutorial/calligra.php
Parsing file:///opt/lampp/htdocs/project/application/third_party/fpdf/tutorial/tuto5.php
Parsing file:///opt/lampp/htdocs/project/application/third_party/fpdf/tutorial/tuto1.php
Parsing file:///opt/lampp/htdocs/project/application/third_party/fpdf/tutorial/tuto6.php
Parsing file:///opt/lampp/htdocs/project/application/third_party/fpdf/tutorial/tuto3.php
Parsing file:///opt/lampp/htdocs/project/application/third_party/fpdf/tutorial/tuto7.php
Parsing file:///opt/lampp/htdocs/project/application/third_party/fpdf/tutorial/tuto4.php
Parsing file:///opt/lampp/htdocs/project/application/core/MY_Controller.php
Parsing file:///opt/lampp/htdocs/project/application/views/pegawai/detail_pegawai.php
Parsing file:///opt/lampp/htdocs/project/application/views/pegawai/input_pegawai.php
Parsing file:///opt/lampp/htdocs/project/application/views/pegawai/profile.php
Parsing file:///opt/lampp/htdocs/project/application/views/pegawai/data_pegawai.php
Parsing file:///opt/lampp/htdocs/project/application/views/pegawai/update_pegawai.php
Parsing file:///opt/lampp/htdocs/project/application/views/admin/dashboard.php
Parsing file:///opt/lampp/htdocs/project/application/views/admin/login.php
Parsing file:///opt/lampp/htdocs/project/application/views/layout/v_header.php
Parsing file:///opt/lampp/htdocs/project/application/views/layout/v_table.php
Parsing file:///opt/lampp/htdocs/project/application/views/layout/v_admin.php
Parsing file:///opt/lampp/htdocs/project/application/views/jabatan/input_jabatan.php
Parsing file:///opt/lampp/htdocs/project/application/views/jabatan/data_jabatan.php
Parsing file:///opt/lampp/htdocs/project/application/views/cuti/data_cuti.php
Parsing file:///opt/lampp/htdocs/project/application/views/cuti/detail_cuti.php
Parsing file:///opt/lampp/htdocs/project/application/views/cuti/surat.php
Parsing file:///opt/lampp/htdocs/project/application/views/cuti/cetak.php
Parsing file:///opt/lampp/htdocs/project/application/views/cuti/input_cuti.php
Parsing file:///opt/lampp/htdocs/project/application/views/cuti/input_cuti%20copy.php
Parsing file:///opt/lampp/htdocs/project/application/views/errors/cli/error_db.php
Parsing file:///opt/lampp/htdocs/project/application/views/errors/cli/error_general.php
Parsing file:///opt/lampp/htdocs/project/application/views/errors/cli/error_exception.php
Parsing file:///opt/lampp/htdocs/project/application/views/errors/cli/error_404.php
Parsing file:///opt/lampp/htdocs/project/application/views/errors/cli/error_php.php
Parsing file:///opt/lampp/htdocs/project/application/views/errors/html/error_db.php
Parsing file:///opt/lampp/htdocs/project/application/views/errors/html/error_general.php
Parsing file:///opt/lampp/htdocs/project/application/views/errors/html/error_exception.php
Parsing file:///opt/lampp/htdocs/project/application/views/errors/html/error_404.php
Parsing file:///opt/lampp/htdocs/project/application/views/errors/html/error_php.php
Parsing file:///opt/lampp/htdocs/project/application/views/errors/page_404.php
Parsing file:///opt/lampp/htdocs/project/application/views/golongan/input_golongan.php
Parsing file:///opt/lampp/htdocs/project/application/views/golongan/data_golongan.php
Parsing file:///opt/lampp/htdocs/project/application/views/pages/profile.php
Parsing file:///opt/lampp/htdocs/project/application/views/rtf/cetak.php
Parsing file:///opt/lampp/htdocs/project/application/views/welcome_message.php
Parsing file:///opt/lampp/htdocs/project/application/config/pagination.php
Parsing file:///opt/lampp/htdocs/project/application/config/database.php
Parsing file:///opt/lampp/htdocs/project/application/config/memcached.php
Parsing file:///opt/lampp/htdocs/project/application/config/constants.php
Parsing file:///opt/lampp/htdocs/project/application/config/migration.php
Parsing file:///opt/lampp/htdocs/project/application/config/mimes.php
Parsing file:///opt/lampp/htdocs/project/application/config/routes.php
Parsing file:///opt/lampp/htdocs/project/application/config/doctypes.php
Parsing file:///opt/lampp/htdocs/project/application/config/config.php
Parsing file:///opt/lampp/htdocs/project/application/config/autoload.php
Parsing file:///opt/lampp/htdocs/project/application/config/foreign_chars.php
Parsing file:///opt/lampp/htdocs/project/application/config/hooks.php
Parsing file:///opt/lampp/htdocs/project/application/config/user_agents.php
Parsing file:///opt/lampp/htdocs/project/application/config/smileys.php
Parsing file:///opt/lampp/htdocs/project/application/config/profiler.php
Parsing file:///opt/lampp/htdocs/project/application/controllers/User.php
Parsing file:///opt/lampp/htdocs/project/application/controllers/Cuti.php
Parsing file:///opt/lampp/htdocs/project/application/controllers/Auth.php
Parsing file:///opt/lampp/htdocs/project/application/controllers/Page.php
Parsing file:///opt/lampp/htdocs/project/application/controllers/Welcome.php
Parsing file:///opt/lampp/htdocs/project/application/controllers/Cetak.php
Parsing file:///opt/lampp/htdocs/project/application/controllers/Admin.php
Parsing file:///opt/lampp/htdocs/project/assets/dompdf/index.php
Parsing file:///opt/lampp/htdocs/project/assets/dompdf/lib/Cpdf.php
[Info  - 2:24:37 PM] Ignoring file file:///opt/lampp/htdocs/project/assets/dompdf/lib/Cpdf.php because it exceeds size limit of 150000 bytes (198841)
Parsing file:///opt/lampp/htdocs/project/assets/dompdf/lib/fonts/Times-Roman.afm.php
Parsing file:///opt/lampp/htdocs/project/assets/dompdf/lib/fonts/Times-Bold.afm.php
Parsing file:///opt/lampp/htdocs/project/assets/dompdf/lib/fonts/Helvetica.afm.php
Parsing file:///opt/lampp/htdocs/project/assets/dompdf/lib/fonts/Helvetica-Bold.afm.php
Parsing file:///opt/lampp/htdocs/project/assets/dompdf/lib/fonts/dompdf_font_family_cache.dist.php
Parsing file:///opt/lampp/htdocs/project/assets/dompdf/lib/php-svg-lib/tests/Svg/StyleTest.php
Parsing file:///opt/lampp/htdocs/project/assets/dompdf/lib/php-svg-lib/src/autoload.php
Parsing file:///opt/lampp/htdocs/project/assets/dompdf/lib/php-svg-lib/src/Svg/Gradient/Stop.php
Parsing file:///opt/lampp/htdocs/project/assets/dompdf/lib/php-svg-lib/src/Svg/Style.php
Parsing file:///opt/lampp/htdocs/project/assets/dompdf/lib/php-svg-lib/src/Svg/Document.php
Parsing file:///opt/lampp/htdocs/project/assets/dompdf/lib/php-svg-lib/src/Svg/Tag/AbstractTag.php
Parsing file:///opt/lampp/htdocs/project/assets/dompdf/lib/php-svg-lib/src/Svg/Tag/Circle.php
Parsing file:///opt/lampp/htdocs/project/assets/dompdf/lib/php-svg-lib/src/Svg/Tag/RadialGradient.php
Parsing file:///opt/lampp/htdocs/project/assets/dompdf/lib/php-svg-lib/src/Svg/Tag/Ellipse.php
Parsing file:///opt/lampp/htdocs/project/assets/dompdf/lib/php-svg-lib/src/Svg/Tag/Line.php
Parsing file:///opt/lampp/htdocs/project/assets/dompdf/lib/php-svg-lib/src/Svg/Tag/Group.php
Parsing file:///opt/lampp/htdocs/project/assets/dompdf/lib/php-svg-lib/src/Svg/Tag/Path.php
Parsing file:///opt/lampp/htdocs/project/assets/dompdf/lib/php-svg-lib/src/Svg/Tag/Stop.php
Parsing file:///opt/lampp/htdocs/project/assets/dompdf/lib/php-svg-lib/src/Svg/Tag/Text.php
Parsing file:///opt/lampp/htdocs/project/assets/dompdf/lib/php-svg-lib/src/Svg/Tag/UseTag.php
Parsing file:///opt/lampp/htdocs/project/assets/dompdf/lib/php-svg-lib/src/Svg/Tag/Polyline.php
Parsing file:///opt/lampp/htdocs/project/assets/dompdf/lib/php-svg-lib/src/Svg/Tag/Image.php
Parsing file:///opt/lampp/htdocs/project/assets/dompdf/lib/php-svg-lib/src/Svg/Tag/StyleTag.php
Parsing file:///opt/lampp/htdocs/project/assets/dompdf/lib/php-svg-lib/src/Svg/Tag/Anchor.php
Parsing file:///opt/lampp/htdocs/project/assets/dompdf/lib/php-svg-lib/src/Svg/Tag/Rect.php
Parsing file:///opt/lampp/htdocs/project/assets/dompdf/lib/php-svg-lib/src/Svg/Tag/Polygon.php
Parsing file:///opt/lampp/htdocs/project/assets/dompdf/lib/php-svg-lib/src/Svg/Tag/ClipPath.php
Parsing file:///opt/lampp/htdocs/project/assets/dompdf/lib/php-svg-lib/src/Svg/Tag/Shape.php
Parsing file:///opt/lampp/htdocs/project/assets/dompdf/lib/php-svg-lib/src/Svg/Tag/LinearGradient.php
Parsing file:///opt/lampp/htdocs/project/assets/dompdf/lib/php-svg-lib/src/Svg/Surface/SurfaceInterface.php
Parsing file:///opt/lampp/htdocs/project/assets/dompdf/lib/php-svg-lib/src/Svg/Surface/SurfaceGmagick.php
Parsing file:///opt/lampp/htdocs/project/assets/dompdf/lib/php-svg-lib/src/Svg/Surface/SurfaceCpdf.php
Parsing file:///opt/lampp/htdocs/project/assets/dompdf/lib/php-svg-lib/src/Svg/Surface/CPdf.php
[Info  - 2:24:37 PM] Ignoring file file:///opt/lampp/htdocs/project/assets/dompdf/lib/php-svg-lib/src/Svg/Surface/CPdf.php because it exceeds size limit of 150000 bytes (174886)
Parsing file:///opt/lampp/htdocs/project/assets/dompdf/lib/php-svg-lib/src/Svg/Surface/SurfacePDFLib.php
Parsing file:///opt/lampp/htdocs/project/assets/dompdf/lib/php-svg-lib/src/Svg/DefaultStyle.php
Parsing file:///opt/lampp/htdocs/project/assets/dompdf/lib/php-css-parser/lib/Sabberworm/CSS/CSSList/Document.php
Parsing file:///opt/lampp/htdocs/project/assets/dompdf/lib/php-css-parser/lib/Sabberworm/CSS/CSSList/AtRuleBlockList.php
Parsing file:///opt/lampp/htdocs/project/assets/dompdf/lib/php-css-parser/lib/Sabberworm/CSS/CSSList/CSSList.php
Parsing file:///opt/lampp/htdocs/project/assets/dompdf/lib/php-css-parser/lib/Sabberworm/CSS/CSSList/CSSBlockList.php
Parsing file:///opt/lampp/htdocs/project/assets/dompdf/lib/php-css-parser/lib/Sabberworm/CSS/CSSList/KeyFrame.php
Parsing file:///opt/lampp/htdocs/project/assets/dompdf/lib/php-css-parser/lib/Sabberworm/CSS/Settings.php
Parsing file:///opt/lampp/htdocs/project/assets/dompdf/lib/php-css-parser/lib/Sabberworm/CSS/RuleSet/AtRuleSet.php
Parsing file:///opt/lampp/htdocs/project/assets/dompdf/lib/php-css-parser/lib/Sabberworm/CSS/RuleSet/DeclarationBlock.php
Parsing file:///opt/lampp/htdocs/project/assets/dompdf/lib/php-css-parser/lib/Sabberworm/CSS/RuleSet/RuleSet.php
Parsing file:///opt/lampp/htdocs/project/assets/dompdf/lib/php-css-parser/lib/Sabberworm/CSS/Parser.php
Parsing file:///opt/lampp/htdocs/project/assets/dompdf/lib/php-css-parser/lib/Sabberworm/CSS/OutputFormat.php
Parsing file:///opt/lampp/htdocs/project/assets/dompdf/lib/php-css-parser/lib/Sabberworm/CSS/Parsing/UnexpectedTokenException.php
Parsing file:///opt/lampp/htdocs/project/assets/dompdf/lib/php-css-parser/lib/Sabberworm/CSS/Parsing/OutputException.php
Parsing file:///opt/lampp/htdocs/project/assets/dompdf/lib/php-css-parser/lib/Sabberworm/CSS/Parsing/SourceException.php
Parsing file:///opt/lampp/htdocs/project/assets/dompdf/lib/php-css-parser/lib/Sabberworm/CSS/Value/URL.php
Parsing file:///opt/lampp/htdocs/project/assets/dompdf/lib/php-css-parser/lib/Sabberworm/CSS/Value/Value.php
Parsing file:///opt/lampp/htdocs/project/assets/dompdf/lib/php-css-parser/lib/Sabberworm/CSS/Value/CSSFunction.php
Parsing file:///opt/lampp/htdocs/project/assets/dompdf/lib/php-css-parser/lib/Sabberworm/CSS/Value/Size.php
Parsing file:///opt/lampp/htdocs/project/assets/dompdf/lib/php-css-parser/lib/Sabberworm/CSS/Value/ValueList.php
Parsing file:///opt/lampp/htdocs/project/assets/dompdf/lib/php-css-parser/lib/Sabberworm/CSS/Value/RuleValueList.php
Parsing file:///opt/lampp/htdocs/project/assets/dompdf/lib/php-css-parser/lib/Sabberworm/CSS/Value/Color.php
Parsing file:///opt/lampp/htdocs/project/assets/dompdf/lib/php-css-parser/lib/Sabberworm/CSS/Value/PrimitiveValue.php
Parsing file:///opt/lampp/htdocs/project/assets/dompdf/lib/php-css-parser/lib/Sabberworm/CSS/Value/CSSString.php
Parsing file:///opt/lampp/htdocs/project/assets/dompdf/lib/php-css-parser/lib/Sabberworm/CSS/Comment/Comment.php
Parsing file:///opt/lampp/htdocs/project/assets/dompdf/lib/php-css-parser/lib/Sabberworm/CSS/Comment/Commentable.php
Parsing file:///opt/lampp/htdocs/project/assets/dompdf/lib/php-css-parser/lib/Sabberworm/CSS/Rule/Rule.php
Parsing file:///opt/lampp/htdocs/project/assets/dompdf/lib/php-css-parser/lib/Sabberworm/CSS/Property/AtRule.php
Parsing file:///opt/lampp/htdocs/project/assets/dompdf/lib/php-css-parser/lib/Sabberworm/CSS/Property/Charset.php
Parsing file:///opt/lampp/htdocs/project/assets/dompdf/lib/php-css-parser/lib/Sabberworm/CSS/Property/CSSNamespace.php
Parsing file:///opt/lampp/htdocs/project/assets/dompdf/lib/php-css-parser/lib/Sabberworm/CSS/Property/Selector.php
Parsing file:///opt/lampp/htdocs/project/assets/dompdf/lib/php-css-parser/lib/Sabberworm/CSS/Property/Import.php
Parsing file:///opt/lampp/htdocs/project/assets/dompdf/lib/php-css-parser/lib/Sabberworm/CSS/Renderable.php
Parsing file:///opt/lampp/htdocs/project/assets/dompdf/lib/php-css-parser/tests/quickdump.php
Parsing file:///opt/lampp/htdocs/project/assets/dompdf/lib/php-css-parser/tests/bootstrap.php
Parsing file:///opt/lampp/htdocs/project/assets/dompdf/lib/php-css-parser/tests/Sabberworm/CSS/CSSList/AtRuleBlockListTest.php
Parsing file:///opt/lampp/htdocs/project/assets/dompdf/lib/php-css-parser/tests/Sabberworm/CSS/CSSList/DocumentTest.php
Parsing file:///opt/lampp/htdocs/project/assets/dompdf/lib/php-css-parser/tests/Sabberworm/CSS/RuleSet/LenientParsingTest.php
Parsing file:///opt/lampp/htdocs/project/assets/dompdf/lib/php-css-parser/tests/Sabberworm/CSS/RuleSet/DeclarationBlockTest.php
Parsing file:///opt/lampp/htdocs/project/assets/dompdf/lib/php-css-parser/tests/Sabberworm/CSS/OutputFormatTest.php
Parsing file:///opt/lampp/htdocs/project/assets/dompdf/lib/php-css-parser/tests/Sabberworm/CSS/ParserTest.php
Parsing file:///opt/lampp/htdocs/project/assets/dompdf/lib/html5lib/TreeBuilder.php
[Info  - 2:24:38 PM] Ignoring file file:///opt/lampp/htdocs/project/assets/dompdf/lib/html5lib/TreeBuilder.php because it exceeds size limit of 150000 bytes (200345)
Parsing file:///opt/lampp/htdocs/project/assets/dompdf/lib/html5lib/Tokenizer.php
Parsing file:///opt/lampp/htdocs/project/assets/dompdf/lib/html5lib/Data.php
Parsing file:///opt/lampp/htdocs/project/assets/dompdf/lib/html5lib/Parser.php
Parsing file:///opt/lampp/htdocs/project/assets/dompdf/lib/html5lib/InputStream.php
Parsing file:///opt/lampp/htdocs/project/assets/dompdf/lib/php-font-lib/index.php
Parsing file:///opt/lampp/htdocs/project/assets/dompdf/lib/php-font-lib/tests/FontLib/FontTest.php
Parsing file:///opt/lampp/htdocs/project/assets/dompdf/lib/php-font-lib/src/FontLib/TrueType/Collection.php
Parsing file:///opt/lampp/htdocs/project/assets/dompdf/lib/php-font-lib/src/FontLib/TrueType/TableDirectoryEntry.php
Parsing file:///opt/lampp/htdocs/project/assets/dompdf/lib/php-font-lib/src/FontLib/TrueType/File.php
Parsing file:///opt/lampp/htdocs/project/assets/dompdf/lib/php-font-lib/src/FontLib/TrueType/Header.php
Parsing file:///opt/lampp/htdocs/project/assets/dompdf/lib/php-font-lib/src/FontLib/OpenType/TableDirectoryEntry.php
Parsing file:///opt/lampp/htdocs/project/assets/dompdf/lib/php-font-lib/src/FontLib/OpenType/File.php
Parsing file:///opt/lampp/htdocs/project/assets/dompdf/lib/php-font-lib/src/FontLib/AdobeFontMetrics.php
Parsing file:///opt/lampp/htdocs/project/assets/dompdf/lib/php-font-lib/src/FontLib/EncodingMap.php
Parsing file:///opt/lampp/htdocs/project/assets/dompdf/lib/php-font-lib/src/FontLib/WOFF/TableDirectoryEntry.php
Parsing file:///opt/lampp/htdocs/project/assets/dompdf/lib/php-font-lib/src/FontLib/WOFF/File.php
Parsing file:///opt/lampp/htdocs/project/assets/dompdf/lib/php-font-lib/src/FontLib/WOFF/Header.php
Parsing file:///opt/lampp/htdocs/project/assets/dompdf/lib/php-font-lib/src/FontLib/Glyph/OutlineComponent.php
Parsing file:///opt/lampp/htdocs/project/assets/dompdf/lib/php-font-lib/src/FontLib/Glyph/OutlineSimple.php
Parsing file:///opt/lampp/htdocs/project/assets/dompdf/lib/php-font-lib/src/FontLib/Glyph/OutlineComposite.php
Parsing file:///opt/lampp/htdocs/project/assets/dompdf/lib/php-font-lib/src/FontLib/Glyph/Outline.php
Parsing file:///opt/lampp/htdocs/project/assets/dompdf/lib/php-font-lib/src/FontLib/Table/DirectoryEntry.php
Parsing file:///opt/lampp/htdocs/project/assets/dompdf/lib/php-font-lib/src/FontLib/Table/Type/hhea.php
Parsing file:///opt/lampp/htdocs/project/assets/dompdf/lib/php-font-lib/src/FontLib/Table/Type/post.php
Parsing file:///opt/lampp/htdocs/project/assets/dompdf/lib/php-font-lib/src/FontLib/Table/Type/maxp.php
Parsing file:///opt/lampp/htdocs/project/assets/dompdf/lib/php-font-lib/src/FontLib/Table/Type/cmap.php
Parsing file:///opt/lampp/htdocs/project/assets/dompdf/lib/php-font-lib/src/FontLib/Table/Type/hmtx.php
Parsing file:///opt/lampp/htdocs/project/assets/dompdf/lib/php-font-lib/src/FontLib/Table/Type/glyf.php
Parsing file:///opt/lampp/htdocs/project/assets/dompdf/lib/php-font-lib/src/FontLib/Table/Type/nameRecord.php
Parsing file:///opt/lampp/htdocs/project/assets/dompdf/lib/php-font-lib/src/FontLib/Table/Type/kern.php
Parsing file:///opt/lampp/htdocs/project/assets/dompdf/lib/php-font-lib/src/FontLib/Table/Type/os2.php
Parsing file:///opt/lampp/htdocs/project/assets/dompdf/lib/php-font-lib/src/FontLib/Table/Type/loca.php
Parsing file:///opt/lampp/htdocs/project/assets/dompdf/lib/php-font-lib/src/FontLib/Table/Type/head.php
Parsing file:///opt/lampp/htdocs/project/assets/dompdf/lib/php-font-lib/src/FontLib/Table/Type/name.php
Parsing file:///opt/lampp/htdocs/project/assets/dompdf/lib/php-font-lib/src/FontLib/Table/Table.php
Parsing file:///opt/lampp/htdocs/project/assets/dompdf/lib/php-font-lib/src/FontLib/Exception/FontNotFoundException.php
Parsing file:///opt/lampp/htdocs/project/assets/dompdf/lib/php-font-lib/src/FontLib/Header.php
Parsing file:///opt/lampp/htdocs/project/assets/dompdf/lib/php-font-lib/src/FontLib/Font.php
Parsing file:///opt/lampp/htdocs/project/assets/dompdf/lib/php-font-lib/src/FontLib/BinaryStream.php
Parsing file:///opt/lampp/htdocs/project/assets/dompdf/lib/php-font-lib/src/FontLib/Autoloader.php
Parsing file:///opt/lampp/htdocs/project/assets/dompdf/lib/php-font-lib/src/FontLib/EOT/File.php
Parsing file:///opt/lampp/htdocs/project/assets/dompdf/lib/php-font-lib/src/FontLib/EOT/Header.php
Parsing file:///opt/lampp/htdocs/project/assets/dompdf/src/Renderer/Block.php
Parsing file:///opt/lampp/htdocs/project/assets/dompdf/src/Renderer/Inline.php
Parsing file:///opt/lampp/htdocs/project/assets/dompdf/src/Renderer/TableCell.php
Parsing file:///opt/lampp/htdocs/project/assets/dompdf/src/Renderer/Text.php
Parsing file:///opt/lampp/htdocs/project/assets/dompdf/src/Renderer/AbstractRenderer.php
Parsing file:///opt/lampp/htdocs/project/assets/dompdf/src/Renderer/TableRowGroup.php
Parsing file:///opt/lampp/htdocs/project/assets/dompdf/src/Renderer/Image.php
Parsing file:///opt/lampp/htdocs/project/assets/dompdf/src/Renderer/ListBullet.php
Parsing file:///opt/lampp/htdocs/project/assets/dompdf/src/LineBox.php
Parsing file:///opt/lampp/htdocs/project/assets/dompdf/src/Helpers.php
Parsing file:///opt/lampp/htdocs/project/assets/dompdf/src/PhpEvaluator.php
Parsing file:///opt/lampp/htdocs/project/assets/dompdf/src/Renderer.php
Parsing file:///opt/lampp/htdocs/project/assets/dompdf/src/FrameReflower/Block.php
Parsing file:///opt/lampp/htdocs/project/assets/dompdf/src/FrameReflower/Inline.php
Parsing file:///opt/lampp/htdocs/project/assets/dompdf/src/FrameReflower/TableRow.php
Parsing file:///opt/lampp/htdocs/project/assets/dompdf/src/FrameReflower/Page.php
Parsing file:///opt/lampp/htdocs/project/assets/dompdf/src/FrameReflower/TableCell.php
Parsing file:///opt/lampp/htdocs/project/assets/dompdf/src/FrameReflower/Text.php
Parsing file:///opt/lampp/htdocs/project/assets/dompdf/src/FrameReflower/AbstractFrameReflower.php
Parsing file:///opt/lampp/htdocs/project/assets/dompdf/src/FrameReflower/TableRowGroup.php
Parsing file:///opt/lampp/htdocs/project/assets/dompdf/src/FrameReflower/Table.php
Parsing file:///opt/lampp/htdocs/project/assets/dompdf/src/FrameReflower/Image.php
Parsing file:///opt/lampp/htdocs/project/assets/dompdf/src/FrameReflower/NullFrameReflower.php
Parsing file:///opt/lampp/htdocs/project/assets/dompdf/src/FrameReflower/ListBullet.php
Parsing file:///opt/lampp/htdocs/project/assets/dompdf/src/Cellmap.php
Parsing file:///opt/lampp/htdocs/project/assets/dompdf/src/Css/Style.php
Parsing file:///opt/lampp/htdocs/project/assets/dompdf/src/Css/AttributeTranslator.php
Parsing file:///opt/lampp/htdocs/project/assets/dompdf/src/Css/Stylesheet.php
Parsing file:///opt/lampp/htdocs/project/assets/dompdf/src/Css/Color.php
Parsing file:///opt/lampp/htdocs/project/assets/dompdf/src/CanvasFactory.php
Parsing file:///opt/lampp/htdocs/project/assets/dompdf/src/Frame/FrameTreeList.php
Parsing file:///opt/lampp/htdocs/project/assets/dompdf/src/Frame/FrameTreeIterator.php
Parsing file:///opt/lampp/htdocs/project/assets/dompdf/src/Frame/FrameTree.php
Parsing file:///opt/lampp/htdocs/project/assets/dompdf/src/Frame/Factory.php
Parsing file:///opt/lampp/htdocs/project/assets/dompdf/src/Frame/FrameListIterator.php
Parsing file:///opt/lampp/htdocs/project/assets/dompdf/src/Frame/FrameList.php
Parsing file:///opt/lampp/htdocs/project/assets/dompdf/src/Exception.php
Parsing file:///opt/lampp/htdocs/project/assets/dompdf/src/Image/Cache.php
Parsing file:///opt/lampp/htdocs/project/assets/dompdf/src/Frame.php
Parsing file:///opt/lampp/htdocs/project/assets/dompdf/src/Adapter/PDFLib.php
Parsing file:///opt/lampp/htdocs/project/assets/dompdf/src/Adapter/CPDF.php
Parsing file:///opt/lampp/htdocs/project/assets/dompdf/src/Adapter/GD.php
Parsing file:///opt/lampp/htdocs/project/assets/dompdf/src/Positioner/AbstractPositioner.php
Parsing file:///opt/lampp/htdocs/project/assets/dompdf/src/Positioner/Block.php
Parsing file:///opt/lampp/htdocs/project/assets/dompdf/src/Positioner/Inline.php
Parsing file:///opt/lampp/htdocs/project/assets/dompdf/src/Positioner/TableRow.php
Parsing file:///opt/lampp/htdocs/project/assets/dompdf/src/Positioner/TableCell.php
Parsing file:///opt/lampp/htdocs/project/assets/dompdf/src/Positioner/NullPositioner.php
Parsing file:///opt/lampp/htdocs/project/assets/dompdf/src/Positioner/Fixed.php
Parsing file:///opt/lampp/htdocs/project/assets/dompdf/src/Positioner/Absolute.php
Parsing file:///opt/lampp/htdocs/project/assets/dompdf/src/Positioner/ListBullet.php
Parsing file:///opt/lampp/htdocs/project/assets/dompdf/src/JavascriptEmbedder.php
Parsing file:///opt/lampp/htdocs/project/assets/dompdf/src/Exception/ImageException.php
Parsing file:///opt/lampp/htdocs/project/assets/dompdf/src/Canvas.php
Parsing file:///opt/lampp/htdocs/project/assets/dompdf/src/FontMetrics.php
Parsing file:///opt/lampp/htdocs/project/assets/dompdf/src/FrameDecorator/Block.php
Parsing file:///opt/lampp/htdocs/project/assets/dompdf/src/FrameDecorator/Inline.php
Parsing file:///opt/lampp/htdocs/project/assets/dompdf/src/FrameDecorator/TableRow.php
Parsing file:///opt/lampp/htdocs/project/assets/dompdf/src/FrameDecorator/Page.php
Parsing file:///opt/lampp/htdocs/project/assets/dompdf/src/FrameDecorator/TableCell.php
Parsing file:///opt/lampp/htdocs/project/assets/dompdf/src/FrameDecorator/Text.php
Parsing file:///opt/lampp/htdocs/project/assets/dompdf/src/FrameDecorator/AbstractFrameDecorator.php
Parsing file:///opt/lampp/htdocs/project/assets/dompdf/src/FrameDecorator/ListBulletImage.php
Parsing file:///opt/lampp/htdocs/project/assets/dompdf/src/FrameDecorator/TableRowGroup.php
Parsing file:///opt/lampp/htdocs/project/assets/dompdf/src/FrameDecorator/Table.php
Parsing file:///opt/lampp/htdocs/project/assets/dompdf/src/FrameDecorator/Image.php
Parsing file:///opt/lampp/htdocs/project/assets/dompdf/src/FrameDecorator/NullFrameDecorator.php
Parsing file:///opt/lampp/htdocs/project/assets/dompdf/src/FrameDecorator/ListBullet.php
Parsing file:///opt/lampp/htdocs/project/assets/dompdf/src/Options.php
Parsing file:///opt/lampp/htdocs/project/assets/dompdf/src/Autoloader.php
Parsing file:///opt/lampp/htdocs/project/assets/dompdf/src/Dompdf.php
Parsing file:///opt/lampp/htdocs/project/assets/dompdf/autoload.inc.php
Parsing file:///opt/lampp/htdocs/project/assets/vendors/bootstrap-wysiwyg/examples/php/upload.php
Parsing file:///opt/lampp/htdocs/project/harviacode/index.php
Parsing file:///opt/lampp/htdocs/project/harviacode/core/create_view_read.php
Parsing file:///opt/lampp/htdocs/project/harviacode/core/create_view_list_datatables.php
Parsing file:///opt/lampp/htdocs/project/harviacode/core/create_model.php
Parsing file:///opt/lampp/htdocs/project/harviacode/core/create_libraries_datatables.php
Parsing file:///opt/lampp/htdocs/project/harviacode/core/create_view_list_pdf.php
Parsing file:///opt/lampp/htdocs/project/harviacode/core/helper.php
Parsing file:///opt/lampp/htdocs/project/harviacode/core/create_pdf_library.php
Parsing file:///opt/lampp/htdocs/project/harviacode/core/create_view_form.php
Parsing file:///opt/lampp/htdocs/project/harviacode/core/create_exportexcel_helper.php
Parsing file:///opt/lampp/htdocs/project/harviacode/core/create_view_list.php
Parsing file:///opt/lampp/htdocs/project/harviacode/core/create_controller.php
Parsing file:///opt/lampp/htdocs/project/harviacode/core/create_view_list_doc.php
Parsing file:///opt/lampp/htdocs/project/harviacode/core/process.php
Parsing file:///opt/lampp/htdocs/project/harviacode/core/setting.php
Parsing file:///opt/lampp/htdocs/project/harviacode/core/harviacode.php
Parsing file:///opt/lampp/htdocs/project/harviacode/core/create_config_pagination.php
Parsing file:///opt/lampp/htdocs/project/harviacode/output/models/index.php
Parsing file:///opt/lampp/htdocs/project/harviacode/output/views/index.php
Parsing file:///opt/lampp/htdocs/project/harviacode/output/config/index.php
Parsing file:///opt/lampp/htdocs/project/harviacode/output/controllers/index.php
Parsing file:///opt/lampp/htdocs/project/harviacode/output/helpers/index.php
Parsing file:///opt/lampp/htdocs/project/system/libraries/Pagination.php
Parsing file:///opt/lampp/htdocs/project/system/libraries/Calendar.php
Parsing file:///opt/lampp/htdocs/project/system/libraries/Cart.php
Parsing file:///opt/lampp/htdocs/project/system/libraries/Typography.php
Parsing file:///opt/lampp/htdocs/project/system/libraries/Session/Session.php
Parsing file:///opt/lampp/htdocs/project/system/libraries/Session/drivers/Session_memcached_driver.php
Parsing file:///opt/lampp/htdocs/project/system/libraries/Session/drivers/Session_redis_driver.php
Parsing file:///opt/lampp/htdocs/project/system/libraries/Session/drivers/Session_database_driver.php
Parsing file:///opt/lampp/htdocs/project/system/libraries/Session/drivers/Session_files_driver.php
Parsing file:///opt/lampp/htdocs/project/system/libraries/Session/Session_driver.php
Parsing file:///opt/lampp/htdocs/project/system/libraries/Session/SessionHandlerInterface.php
Parsing file:///opt/lampp/htdocs/project/system/libraries/Parser.php
Parsing file:///opt/lampp/htdocs/project/system/libraries/Encryption.php
Parsing file:///opt/lampp/htdocs/project/system/libraries/Upload.php
Parsing file:///opt/lampp/htdocs/project/system/libraries/Unit_test.php
Parsing file:///opt/lampp/htdocs/project/system/libraries/Zip.php
Parsing file:///opt/lampp/htdocs/project/system/libraries/Xmlrpcs.php
Parsing file:///opt/lampp/htdocs/project/system/libraries/Driver.php
Parsing file:///opt/lampp/htdocs/project/system/libraries/Ftp.php
Parsing file:///opt/lampp/htdocs/project/system/libraries/Table.php
Parsing file:///opt/lampp/htdocs/project/system/libraries/Encrypt.php
Parsing file:///opt/lampp/htdocs/project/system/libraries/Javascript/Jquery.php
Parsing file:///opt/lampp/htdocs/project/system/libraries/Image_lib.php
Parsing file:///opt/lampp/htdocs/project/system/libraries/Migration.php
Parsing file:///opt/lampp/htdocs/project/system/libraries/User_agent.php
Parsing file:///opt/lampp/htdocs/project/system/libraries/Email.php
Parsing file:///opt/lampp/htdocs/project/system/libraries/Cache/drivers/Cache_file.php
Parsing file:///opt/lampp/htdocs/project/system/libraries/Cache/drivers/Cache_dummy.php
Parsing file:///opt/lampp/htdocs/project/system/libraries/Cache/drivers/Cache_apc.php
Parsing file:///opt/lampp/htdocs/project/system/libraries/Cache/drivers/Cache_memcached.php
Parsing file:///opt/lampp/htdocs/project/system/libraries/Cache/drivers/Cache_redis.php
Parsing file:///opt/lampp/htdocs/project/system/libraries/Cache/drivers/Cache_wincache.php
Parsing file:///opt/lampp/htdocs/project/system/libraries/Cache/Cache.php
Parsing file:///opt/lampp/htdocs/project/system/libraries/Javascript.php
Parsing file:///opt/lampp/htdocs/project/system/libraries/Trackback.php
Parsing file:///opt/lampp/htdocs/project/system/libraries/Profiler.php
Parsing file:///opt/lampp/htdocs/project/system/libraries/Xmlrpc.php
Parsing file:///opt/lampp/htdocs/project/system/libraries/Form_validation.php
Parsing file:///opt/lampp/htdocs/project/system/core/Log.php
Parsing file:///opt/lampp/htdocs/project/system/core/Controller.php
Parsing file:///opt/lampp/htdocs/project/system/core/compat/password.php
Parsing file:///opt/lampp/htdocs/project/system/core/compat/standard.php
Parsing file:///opt/lampp/htdocs/project/system/core/compat/hash.php
Parsing file:///opt/lampp/htdocs/project/system/core/compat/mbstring.php
Parsing file:///opt/lampp/htdocs/project/system/core/Output.php
Parsing file:///opt/lampp/htdocs/project/system/core/Benchmark.php
Parsing file:///opt/lampp/htdocs/project/system/core/Input.php
Parsing file:///opt/lampp/htdocs/project/system/core/Common.php
Parsing file:///opt/lampp/htdocs/project/system/core/Loader.php
Parsing file:///opt/lampp/htdocs/project/system/core/Model.php
Parsing file:///opt/lampp/htdocs/project/system/core/Hooks.php
Parsing file:///opt/lampp/htdocs/project/system/core/Lang.php
Parsing file:///opt/lampp/htdocs/project/system/core/Security.php
Parsing file:///opt/lampp/htdocs/project/system/core/URI.php
Parsing file:///opt/lampp/htdocs/project/system/core/Router.php
Parsing file:///opt/lampp/htdocs/project/system/core/Config.php
Parsing file:///opt/lampp/htdocs/project/system/core/Utf8.php
Parsing file:///opt/lampp/htdocs/project/system/core/CodeIgniter.php
Parsing file:///opt/lampp/htdocs/project/system/core/Exceptions.php
Parsing file:///opt/lampp/htdocs/project/system/database/DB_driver.php
Parsing file:///opt/lampp/htdocs/project/system/database/DB_utility.php
Parsing file:///opt/lampp/htdocs/project/system/database/DB_forge.php
Parsing file:///opt/lampp/htdocs/project/system/database/drivers/ibase/ibase_result.php
Parsing file:///opt/lampp/htdocs/project/system/database/drivers/ibase/ibase_driver.php
Parsing file:///opt/lampp/htdocs/project/system/database/drivers/ibase/ibase_forge.php
Parsing file:///opt/lampp/htdocs/project/system/database/drivers/ibase/ibase_utility.php
Parsing file:///opt/lampp/htdocs/project/system/database/drivers/mysql/mysql_utility.php
Parsing file:///opt/lampp/htdocs/project/system/database/drivers/mysql/mysql_result.php
Parsing file:///opt/lampp/htdocs/project/system/database/drivers/mysql/mysql_forge.php
Parsing file:///opt/lampp/htdocs/project/system/database/drivers/mysql/mysql_driver.php
Parsing file:///opt/lampp/htdocs/project/system/database/drivers/mssql/mssql_utility.php
Parsing file:///opt/lampp/htdocs/project/system/database/drivers/mssql/mssql_result.php
Parsing file:///opt/lampp/htdocs/project/system/database/drivers/mssql/mssql_driver.php
Parsing file:///opt/lampp/htdocs/project/system/database/drivers/mssql/mssql_forge.php
Parsing file:///opt/lampp/htdocs/project/system/database/drivers/sqlsrv/sqlsrv_utility.php
Parsing file:///opt/lampp/htdocs/project/system/database/drivers/sqlsrv/sqlsrv_result.php
Parsing file:///opt/lampp/htdocs/project/system/database/drivers/sqlsrv/sqlsrv_driver.php
Parsing file:///opt/lampp/htdocs/project/system/database/drivers/sqlsrv/sqlsrv_forge.php
Parsing file:///opt/lampp/htdocs/project/system/database/drivers/odbc/odbc_result.php
Parsing file:///opt/lampp/htdocs/project/system/database/drivers/odbc/odbc_forge.php
Parsing file:///opt/lampp/htdocs/project/system/database/drivers/odbc/odbc_utility.php
Parsing file:///opt/lampp/htdocs/project/system/database/drivers/odbc/odbc_driver.php
Parsing file:///opt/lampp/htdocs/project/system/database/drivers/oci8/oci8_result.php
Parsing file:///opt/lampp/htdocs/project/system/database/drivers/oci8/oci8_utility.php
Parsing file:///opt/lampp/htdocs/project/system/database/drivers/oci8/oci8_driver.php
Parsing file:///opt/lampp/htdocs/project/system/database/drivers/oci8/oci8_forge.php
Parsing file:///opt/lampp/htdocs/project/system/database/drivers/cubrid/cubrid_forge.php
Parsing file:///opt/lampp/htdocs/project/system/database/drivers/cubrid/cubrid_driver.php
Parsing file:///opt/lampp/htdocs/project/system/database/drivers/cubrid/cubrid_result.php
Parsing file:///opt/lampp/htdocs/project/system/database/drivers/cubrid/cubrid_utility.php
Parsing file:///opt/lampp/htdocs/project/system/database/drivers/sqlite/sqlite_result.php
Parsing file:///opt/lampp/htdocs/project/system/database/drivers/sqlite/sqlite_utility.php
Parsing file:///opt/lampp/htdocs/project/system/database/drivers/sqlite/sqlite_forge.php
Parsing file:///opt/lampp/htdocs/project/system/database/drivers/sqlite/sqlite_driver.php
Parsing file:///opt/lampp/htdocs/project/system/database/drivers/mysqli/mysqli_forge.php
Parsing file:///opt/lampp/htdocs/project/system/database/drivers/mysqli/mysqli_utility.php
Parsing file:///opt/lampp/htdocs/project/system/database/drivers/mysqli/mysqli_result.php
Parsing file:///opt/lampp/htdocs/project/system/database/drivers/mysqli/mysqli_driver.php
Parsing file:///opt/lampp/htdocs/project/system/database/drivers/pdo/pdo_forge.php
Parsing file:///opt/lampp/htdocs/project/system/database/drivers/pdo/subdrivers/pdo_4d_forge.php
Parsing file:///opt/lampp/htdocs/project/system/database/drivers/pdo/subdrivers/pdo_informix_driver.php
Parsing file:///opt/lampp/htdocs/project/system/database/drivers/pdo/subdrivers/pdo_dblib_driver.php
Parsing file:///opt/lampp/htdocs/project/system/database/drivers/pdo/subdrivers/pdo_firebird_forge.php
Parsing file:///opt/lampp/htdocs/project/system/database/drivers/pdo/subdrivers/pdo_mysql_driver.php
Parsing file:///opt/lampp/htdocs/project/system/database/drivers/pdo/subdrivers/pdo_pgsql_forge.php
Parsing file:///opt/lampp/htdocs/project/system/database/drivers/pdo/subdrivers/pdo_ibm_forge.php
Parsing file:///opt/lampp/htdocs/project/system/database/drivers/pdo/subdrivers/pdo_4d_driver.php
Parsing file:///opt/lampp/htdocs/project/system/database/drivers/pdo/subdrivers/pdo_sqlsrv_forge.php
Parsing file:///opt/lampp/htdocs/project/system/database/drivers/pdo/subdrivers/pdo_sqlsrv_driver.php
Parsing file:///opt/lampp/htdocs/project/system/database/drivers/pdo/subdrivers/pdo_oci_forge.php
Parsing file:///opt/lampp/htdocs/project/system/database/drivers/pdo/subdrivers/pdo_pgsql_driver.php
Parsing file:///opt/lampp/htdocs/project/system/database/drivers/pdo/subdrivers/pdo_sqlite_forge.php
Parsing file:///opt/lampp/htdocs/project/system/database/drivers/pdo/subdrivers/pdo_sqlite_driver.php
Parsing file:///opt/lampp/htdocs/project/system/database/drivers/pdo/subdrivers/pdo_ibm_driver.php
Parsing file:///opt/lampp/htdocs/project/system/database/drivers/pdo/subdrivers/pdo_firebird_driver.php
Parsing file:///opt/lampp/htdocs/project/system/database/drivers/pdo/subdrivers/pdo_oci_driver.php
Parsing file:///opt/lampp/htdocs/project/system/database/drivers/pdo/subdrivers/pdo_dblib_forge.php
Parsing file:///opt/lampp/htdocs/project/system/database/drivers/pdo/subdrivers/pdo_mysql_forge.php
Parsing file:///opt/lampp/htdocs/project/system/database/drivers/pdo/subdrivers/pdo_cubrid_forge.php
Parsing file:///opt/lampp/htdocs/project/system/database/drivers/pdo/subdrivers/pdo_odbc_forge.php
Parsing file:///opt/lampp/htdocs/project/system/database/drivers/pdo/subdrivers/pdo_odbc_driver.php
Parsing file:///opt/lampp/htdocs/project/system/database/drivers/pdo/subdrivers/pdo_cubrid_driver.php
Parsing file:///opt/lampp/htdocs/project/system/database/drivers/pdo/subdrivers/pdo_informix_forge.php
Parsing file:///opt/lampp/htdocs/project/system/database/drivers/pdo/pdo_driver.php
Parsing file:///opt/lampp/htdocs/project/system/database/drivers/pdo/pdo_result.php
Parsing file:///opt/lampp/htdocs/project/system/database/drivers/pdo/pdo_utility.php
Parsing file:///opt/lampp/htdocs/project/system/database/drivers/postgre/postgre_utility.php
Parsing file:///opt/lampp/htdocs/project/system/database/drivers/postgre/postgre_result.php
Parsing file:///opt/lampp/htdocs/project/system/database/drivers/postgre/postgre_forge.php
Parsing file:///opt/lampp/htdocs/project/system/database/drivers/postgre/postgre_driver.php
Parsing file:///opt/lampp/htdocs/project/system/database/drivers/sqlite3/sqlite3_result.php
Parsing file:///opt/lampp/htdocs/project/system/database/drivers/sqlite3/sqlite3_driver.php
Parsing file:///opt/lampp/htdocs/project/system/database/drivers/sqlite3/sqlite3_forge.php
Parsing file:///opt/lampp/htdocs/project/system/database/drivers/sqlite3/sqlite3_utility.php
Parsing file:///opt/lampp/htdocs/project/system/database/DB_cache.php
Parsing file:///opt/lampp/htdocs/project/system/database/DB.php
Parsing file:///opt/lampp/htdocs/project/system/database/DB_result.php
Parsing file:///opt/lampp/htdocs/project/system/database/DB_query_builder.php
Parsing file:///opt/lampp/htdocs/project/system/helpers/directory_helper.php
Parsing file:///opt/lampp/htdocs/project/system/helpers/text_helper.php
Parsing file:///opt/lampp/htdocs/project/system/helpers/file_helper.php
Parsing file:///opt/lampp/htdocs/project/system/helpers/html_helper.php
Parsing file:///opt/lampp/htdocs/project/system/helpers/url_helper.php
Parsing file:///opt/lampp/htdocs/project/system/helpers/typography_helper.php
Parsing file:///opt/lampp/htdocs/project/system/helpers/cookie_helper.php
Parsing file:///opt/lampp/htdocs/project/system/helpers/language_helper.php
Parsing file:///opt/lampp/htdocs/project/system/helpers/number_helper.php
Parsing file:///opt/lampp/htdocs/project/system/helpers/security_helper.php
Parsing file:///opt/lampp/htdocs/project/system/helpers/array_helper.php
Parsing file:///opt/lampp/htdocs/project/system/helpers/date_helper.php
Parsing file:///opt/lampp/htdocs/project/system/helpers/string_helper.php
Parsing file:///opt/lampp/htdocs/project/system/helpers/captcha_helper.php
Parsing file:///opt/lampp/htdocs/project/system/helpers/path_helper.php
Parsing file:///opt/lampp/htdocs/project/system/helpers/download_helper.php
Parsing file:///opt/lampp/htdocs/project/system/helpers/smiley_helper.php
Parsing file:///opt/lampp/htdocs/project/system/helpers/xml_helper.php
Parsing file:///opt/lampp/htdocs/project/system/helpers/email_helper.php
Parsing file:///opt/lampp/htdocs/project/system/helpers/form_helper.php
Parsing file:///opt/lampp/htdocs/project/system/helpers/inflector_helper.php
Parsing file:///opt/lampp/htdocs/project/system/language/english/form_validation_lang.php
Parsing file:///opt/lampp/htdocs/project/system/language/english/pagination_lang.php
Parsing file:///opt/lampp/htdocs/project/system/language/english/unit_test_lang.php
Parsing file:///opt/lampp/htdocs/project/system/language/english/db_lang.php
Parsing file:///opt/lampp/htdocs/project/system/language/english/number_lang.php
Parsing file:///opt/lampp/htdocs/project/system/language/english/date_lang.php
Parsing file:///opt/lampp/htdocs/project/system/language/english/migration_lang.php
Parsing file:///opt/lampp/htdocs/project/system/language/english/ftp_lang.php
Parsing file:///opt/lampp/htdocs/project/system/language/english/upload_lang.php
Parsing file:///opt/lampp/htdocs/project/system/language/english/profiler_lang.php
Parsing file:///opt/lampp/htdocs/project/system/language/english/email_lang.php
Parsing file:///opt/lampp/htdocs/project/system/language/english/imglib_lang.php
Parsing file:///opt/lampp/htdocs/project/system/language/english/calendar_lang.php
[Info  - 2:24:50 PM] Indexing project for dynamic references
Parsing file:///opt/lampp/htdocs/project/index.php
Parsing file:///opt/lampp/htdocs/project/application/libraries/Pdf.php
Parsing file:///opt/lampp/htdocs/project/application/libraries/Template.php
Parsing file:///opt/lampp/htdocs/project/application/libraries/Pdfcon.php
Parsing file:///opt/lampp/htdocs/project/application/models/Golongan_model.php
Parsing file:///opt/lampp/htdocs/project/application/models/Jabatan_model.php
Parsing file:///opt/lampp/htdocs/project/application/models/Pegawai_model.php
Parsing file:///opt/lampp/htdocs/project/application/models/Cuti_model.php
Parsing file:///opt/lampp/htdocs/project/application/models/User_model.php
Parsing file:///opt/lampp/htdocs/project/application/third_party/fpdf/makefont/ttfparser.php
Parsing file:///opt/lampp/htdocs/project/application/third_party/fpdf/makefont/makefont.php
Parsing file:///opt/lampp/htdocs/project/application/third_party/fpdf/font/courierbi.php
Parsing file:///opt/lampp/htdocs/project/application/third_party/fpdf/font/times.php
Parsing file:///opt/lampp/htdocs/project/application/third_party/fpdf/font/courier.php
Parsing file:///opt/lampp/htdocs/project/application/third_party/fpdf/font/symbol.php
Parsing file:///opt/lampp/htdocs/project/application/third_party/fpdf/font/courierb.php
Parsing file:///opt/lampp/htdocs/project/application/third_party/fpdf/font/helveticabi.php
Parsing file:///opt/lampp/htdocs/project/application/third_party/fpdf/font/zapfdingbats.php
Parsing file:///opt/lampp/htdocs/project/application/third_party/fpdf/font/helvetica.php
Parsing file:///opt/lampp/htdocs/project/application/third_party/fpdf/font/helveticab.php
Parsing file:///opt/lampp/htdocs/project/application/third_party/fpdf/font/timesb.php
Parsing file:///opt/lampp/htdocs/project/application/third_party/fpdf/font/timesi.php
Parsing file:///opt/lampp/htdocs/project/application/third_party/fpdf/font/courieri.php
Parsing file:///opt/lampp/htdocs/project/application/third_party/fpdf/font/timesbi.php
Parsing file:///opt/lampp/htdocs/project/application/third_party/fpdf/font/helveticai.php
Parsing file:///opt/lampp/htdocs/project/application/third_party/fpdf/fpdf.php
Parsing file:///opt/lampp/htdocs/project/application/third_party/fpdf/tutorial/makefont.php
Parsing file:///opt/lampp/htdocs/project/application/third_party/fpdf/tutorial/tuto2.php
Parsing file:///opt/lampp/htdocs/project/application/third_party/fpdf/tutorial/calligra.php
Parsing file:///opt/lampp/htdocs/project/application/third_party/fpdf/tutorial/tuto5.php
Parsing file:///opt/lampp/htdocs/project/application/third_party/fpdf/tutorial/tuto1.php
Parsing file:///opt/lampp/htdocs/project/application/third_party/fpdf/tutorial/tuto6.php
Parsing file:///opt/lampp/htdocs/project/application/third_party/fpdf/tutorial/tuto3.php
Parsing file:///opt/lampp/htdocs/project/application/third_party/fpdf/tutorial/tuto7.php
Parsing file:///opt/lampp/htdocs/project/application/third_party/fpdf/tutorial/tuto4.php
Parsing file:///opt/lampp/htdocs/project/application/core/MY_Controller.php
Parsing file:///opt/lampp/htdocs/project/application/views/pegawai/detail_pegawai.php
Parsing file:///opt/lampp/htdocs/project/application/views/pegawai/input_pegawai.php
Parsing file:///opt/lampp/htdocs/project/application/views/pegawai/profile.php
Parsing file:///opt/lampp/htdocs/project/application/views/pegawai/data_pegawai.php
Parsing file:///opt/lampp/htdocs/project/application/views/pegawai/update_pegawai.php
Parsing file:///opt/lampp/htdocs/project/application/views/admin/dashboard.php
Parsing file:///opt/lampp/htdocs/project/application/views/admin/login.php
Parsing file:///opt/lampp/htdocs/project/application/views/layout/v_header.php
Parsing file:///opt/lampp/htdocs/project/application/views/layout/v_table.php
Parsing file:///opt/lampp/htdocs/project/application/views/layout/v_admin.php
Parsing file:///opt/lampp/htdocs/project/application/views/jabatan/input_jabatan.php
Parsing file:///opt/lampp/htdocs/project/application/views/jabatan/data_jabatan.php
Parsing file:///opt/lampp/htdocs/project/application/views/cuti/data_cuti.php
Parsing file:///opt/lampp/htdocs/project/application/views/cuti/detail_cuti.php
Parsing file:///opt/lampp/htdocs/project/application/views/cuti/surat.php
Parsing file:///opt/lampp/htdocs/project/application/views/cuti/cetak.php
Parsing file:///opt/lampp/htdocs/project/application/views/cuti/input_cuti.php
Parsing file:///opt/lampp/htdocs/project/application/views/cuti/input_cuti%20copy.php
Parsing file:///opt/lampp/htdocs/project/application/views/errors/cli/error_db.php
Parsing file:///opt/lampp/htdocs/project/application/views/errors/cli/error_general.php
Parsing file:///opt/lampp/htdocs/project/application/views/errors/cli/error_exception.php
Parsing file:///opt/lampp/htdocs/project/application/views/errors/cli/error_404.php
Parsing file:///opt/lampp/htdocs/project/application/views/errors/cli/error_php.php
Parsing file:///opt/lampp/htdocs/project/application/views/errors/html/error_db.php
Parsing file:///opt/lampp/htdocs/project/application/views/errors/html/error_general.php
Parsing file:///opt/lampp/htdocs/project/application/views/errors/html/error_exception.php
Parsing file:///opt/lampp/htdocs/project/application/views/errors/html/error_404.php
Parsing file:///opt/lampp/htdocs/project/application/views/errors/html/error_php.php
Parsing file:///opt/lampp/htdocs/project/application/views/errors/page_404.php
Parsing file:///opt/lampp/htdocs/project/application/views/golongan/input_golongan.php
Parsing file:///opt/lampp/htdocs/project/application/views/golongan/data_golongan.php
Parsing file:///opt/lampp/htdocs/project/application/views/pages/profile.php
Parsing file:///opt/lampp/htdocs/project/application/views/rtf/cetak.php
Parsing file:///opt/lampp/htdocs/project/application/views/welcome_message.php
Parsing file:///opt/lampp/htdocs/project/application/config/pagination.php
Parsing file:///opt/lampp/htdocs/project/application/config/database.php
Parsing file:///opt/lampp/htdocs/project/application/config/memcached.php
Parsing file:///opt/lampp/htdocs/project/application/config/constants.php
Parsing file:///opt/lampp/htdocs/project/application/config/migration.php
Parsing file:///opt/lampp/htdocs/project/application/config/mimes.php
Parsing file:///opt/lampp/htdocs/project/application/config/routes.php
Parsing file:///opt/lampp/htdocs/project/application/config/doctypes.php
Parsing file:///opt/lampp/htdocs/project/application/config/config.php
Parsing file:///opt/lampp/htdocs/project/application/config/autoload.php
Parsing file:///opt/lampp/htdocs/project/application/config/foreign_chars.php
Parsing file:///opt/lampp/htdocs/project/application/config/hooks.php
Parsing file:///opt/lampp/htdocs/project/application/config/user_agents.php
Parsing file:///opt/lampp/htdocs/project/application/config/smileys.php
Parsing file:///opt/lampp/htdocs/project/application/config/profiler.php
Parsing file:///opt/lampp/htdocs/project/application/controllers/User.php
Parsing file:///opt/lampp/htdocs/project/application/controllers/Cuti.php
Parsing file:///opt/lampp/htdocs/project/application/controllers/Auth.php
Parsing file:///opt/lampp/htdocs/project/application/controllers/Page.php
Parsing file:///opt/lampp/htdocs/project/application/controllers/Welcome.php
Parsing file:///opt/lampp/htdocs/project/application/controllers/Cetak.php
Parsing file:///opt/lampp/htdocs/project/application/controllers/Admin.php
Parsing file:///opt/lampp/htdocs/project/assets/dompdf/lib/Cpdf.php
[Info  - 2:24:52 PM] Ignoring file file:///opt/lampp/htdocs/project/assets/dompdf/lib/Cpdf.php because it exceeds size limit of 150000 bytes (198841)
Parsing file:///opt/lampp/htdocs/project/assets/dompdf/lib/fonts/Times-Roman.afm.php
Parsing file:///opt/lampp/htdocs/project/assets/dompdf/lib/fonts/Times-Bold.afm.php
Parsing file:///opt/lampp/htdocs/project/assets/dompdf/lib/fonts/Helvetica.afm.php
Parsing file:///opt/lampp/htdocs/project/assets/dompdf/lib/fonts/Helvetica-Bold.afm.php
Parsing file:///opt/lampp/htdocs/project/assets/dompdf/lib/fonts/dompdf_font_family_cache.dist.php
Parsing file:///opt/lampp/htdocs/project/assets/dompdf/lib/php-svg-lib/tests/Svg/StyleTest.php
Parsing file:///opt/lampp/htdocs/project/assets/dompdf/lib/php-svg-lib/src/autoload.php
Parsing file:///opt/lampp/htdocs/project/assets/dompdf/lib/php-svg-lib/src/Svg/Gradient/Stop.php
Parsing file:///opt/lampp/htdocs/project/assets/dompdf/lib/php-svg-lib/src/Svg/Style.php
Parsing file:///opt/lampp/htdocs/project/assets/dompdf/lib/php-svg-lib/src/Svg/Document.php
Parsing file:///opt/lampp/htdocs/project/assets/dompdf/lib/php-svg-lib/src/Svg/Tag/AbstractTag.php
Parsing file:///opt/lampp/htdocs/project/assets/dompdf/lib/php-svg-lib/src/Svg/Tag/Circle.php
Parsing file:///opt/lampp/htdocs/project/assets/dompdf/lib/php-svg-lib/src/Svg/Tag/RadialGradient.php
Parsing file:///opt/lampp/htdocs/project/assets/dompdf/lib/php-svg-lib/src/Svg/Tag/Ellipse.php
Parsing file:///opt/lampp/htdocs/project/assets/dompdf/lib/php-svg-lib/src/Svg/Tag/Line.php
Parsing file:///opt/lampp/htdocs/project/assets/dompdf/lib/php-svg-lib/src/Svg/Tag/Group.php
Parsing file:///opt/lampp/htdocs/project/assets/dompdf/lib/php-svg-lib/src/Svg/Tag/Path.php
Parsing file:///opt/lampp/htdocs/project/assets/dompdf/lib/php-svg-lib/src/Svg/Tag/Stop.php
Parsing file:///opt/lampp/htdocs/project/assets/dompdf/lib/php-svg-lib/src/Svg/Tag/Text.php
Parsing file:///opt/lampp/htdocs/project/assets/dompdf/lib/php-svg-lib/src/Svg/Tag/UseTag.php
Parsing file:///opt/lampp/htdocs/project/assets/dompdf/lib/php-svg-lib/src/Svg/Tag/Polyline.php
Parsing file:///opt/lampp/htdocs/project/assets/dompdf/lib/php-svg-lib/src/Svg/Tag/Image.php
Parsing file:///opt/lampp/htdocs/project/assets/dompdf/lib/php-svg-lib/src/Svg/Tag/StyleTag.php
Parsing file:///opt/lampp/htdocs/project/assets/dompdf/lib/php-svg-lib/src/Svg/Tag/Anchor.php
Parsing file:///opt/lampp/htdocs/project/assets/dompdf/lib/php-svg-lib/src/Svg/Tag/Rect.php
Parsing file:///opt/lampp/htdocs/project/assets/dompdf/lib/php-svg-lib/src/Svg/Tag/Polygon.php
Parsing file:///opt/lampp/htdocs/project/assets/dompdf/lib/php-svg-lib/src/Svg/Tag/ClipPath.php
Parsing file:///opt/lampp/htdocs/project/assets/dompdf/lib/php-svg-lib/src/Svg/Tag/Shape.php
Parsing file:///opt/lampp/htdocs/project/assets/dompdf/lib/php-svg-lib/src/Svg/Tag/LinearGradient.php
Parsing file:///opt/lampp/htdocs/project/assets/dompdf/lib/php-svg-lib/src/Svg/Surface/SurfaceInterface.php
Parsing file:///opt/lampp/htdocs/project/assets/dompdf/lib/php-svg-lib/src/Svg/Surface/SurfaceGmagick.php
Parsing file:///opt/lampp/htdocs/project/assets/dompdf/lib/php-svg-lib/src/Svg/Surface/SurfaceCpdf.php
Parsing file:///opt/lampp/htdocs/project/assets/dompdf/lib/php-svg-lib/src/Svg/Surface/CPdf.php
[Info  - 2:24:53 PM] Ignoring file file:///opt/lampp/htdocs/project/assets/dompdf/lib/php-svg-lib/src/Svg/Surface/CPdf.php because it exceeds size limit of 150000 bytes (174886)
Parsing file:///opt/lampp/htdocs/project/assets/dompdf/lib/php-svg-lib/src/Svg/Surface/SurfacePDFLib.php
Parsing file:///opt/lampp/htdocs/project/assets/dompdf/lib/php-svg-lib/src/Svg/DefaultStyle.php
Parsing file:///opt/lampp/htdocs/project/assets/dompdf/lib/php-css-parser/lib/Sabberworm/CSS/CSSList/Document.php
Parsing file:///opt/lampp/htdocs/project/assets/dompdf/lib/php-css-parser/lib/Sabberworm/CSS/CSSList/AtRuleBlockList.php
Parsing file:///opt/lampp/htdocs/project/assets/dompdf/lib/php-css-parser/lib/Sabberworm/CSS/CSSList/CSSList.php
Parsing file:///opt/lampp/htdocs/project/assets/dompdf/lib/php-css-parser/lib/Sabberworm/CSS/CSSList/CSSBlockList.php
Parsing file:///opt/lampp/htdocs/project/assets/dompdf/lib/php-css-parser/lib/Sabberworm/CSS/CSSList/KeyFrame.php
Parsing file:///opt/lampp/htdocs/project/assets/dompdf/lib/php-css-parser/lib/Sabberworm/CSS/Settings.php
Parsing file:///opt/lampp/htdocs/project/assets/dompdf/lib/php-css-parser/lib/Sabberworm/CSS/RuleSet/AtRuleSet.php
Parsing file:///opt/lampp/htdocs/project/assets/dompdf/lib/php-css-parser/lib/Sabberworm/CSS/RuleSet/DeclarationBlock.php
Parsing file:///opt/lampp/htdocs/project/assets/dompdf/lib/php-css-parser/lib/Sabberworm/CSS/RuleSet/RuleSet.php
Parsing file:///opt/lampp/htdocs/project/assets/dompdf/lib/php-css-parser/lib/Sabberworm/CSS/Parser.php
Parsing file:///opt/lampp/htdocs/project/assets/dompdf/lib/php-css-parser/lib/Sabberworm/CSS/OutputFormat.php
Parsing file:///opt/lampp/htdocs/project/assets/dompdf/lib/php-css-parser/lib/Sabberworm/CSS/Parsing/UnexpectedTokenException.php
Parsing file:///opt/lampp/htdocs/project/assets/dompdf/lib/php-css-parser/lib/Sabberworm/CSS/Parsing/OutputException.php
Parsing file:///opt/lampp/htdocs/project/assets/dompdf/lib/php-css-parser/lib/Sabberworm/CSS/Parsing/SourceException.php
Parsing file:///opt/lampp/htdocs/project/assets/dompdf/lib/php-css-parser/lib/Sabberworm/CSS/Value/URL.php
Parsing file:///opt/lampp/htdocs/project/assets/dompdf/lib/php-css-parser/lib/Sabberworm/CSS/Value/Value.php
Parsing file:///opt/lampp/htdocs/project/assets/dompdf/lib/php-css-parser/lib/Sabberworm/CSS/Value/CSSFunction.php
Parsing file:///opt/lampp/htdocs/project/assets/dompdf/lib/php-css-parser/lib/Sabberworm/CSS/Value/Size.php
Parsing file:///opt/lampp/htdocs/project/assets/dompdf/lib/php-css-parser/lib/Sabberworm/CSS/Value/ValueList.php
Parsing file:///opt/lampp/htdocs/project/assets/dompdf/lib/php-css-parser/lib/Sabberworm/CSS/Value/RuleValueList.php
Parsing file:///opt/lampp/htdocs/project/assets/dompdf/lib/php-css-parser/lib/Sabberworm/CSS/Value/Color.php
Parsing file:///opt/lampp/htdocs/project/assets/dompdf/lib/php-css-parser/lib/Sabberworm/CSS/Value/PrimitiveValue.php
Parsing file:///opt/lampp/htdocs/project/assets/dompdf/lib/php-css-parser/lib/Sabberworm/CSS/Value/CSSString.php
Parsing file:///opt/lampp/htdocs/project/assets/dompdf/lib/php-css-parser/lib/Sabberworm/CSS/Comment/Comment.php
Parsing file:///opt/lampp/htdocs/project/assets/dompdf/lib/php-css-parser/lib/Sabberworm/CSS/Comment/Commentable.php
Parsing file:///opt/lampp/htdocs/project/assets/dompdf/lib/php-css-parser/lib/Sabberworm/CSS/Rule/Rule.php
Parsing file:///opt/lampp/htdocs/project/assets/dompdf/lib/php-css-parser/lib/Sabberworm/CSS/Property/AtRule.php
Parsing file:///opt/lampp/htdocs/project/assets/dompdf/lib/php-css-parser/lib/Sabberworm/CSS/Property/Charset.php
Parsing file:///opt/lampp/htdocs/project/assets/dompdf/lib/php-css-parser/lib/Sabberworm/CSS/Property/CSSNamespace.php
Parsing file:///opt/lampp/htdocs/project/assets/dompdf/lib/php-css-parser/lib/Sabberworm/CSS/Property/Selector.php
Parsing file:///opt/lampp/htdocs/project/assets/dompdf/lib/php-css-parser/lib/Sabberworm/CSS/Property/Import.php
Parsing file:///opt/lampp/htdocs/project/assets/dompdf/lib/php-css-parser/lib/Sabberworm/CSS/Renderable.php
Parsing file:///opt/lampp/htdocs/project/assets/dompdf/lib/php-css-parser/tests/quickdump.php
Parsing file:///opt/lampp/htdocs/project/assets/dompdf/lib/php-css-parser/tests/bootstrap.php
Parsing file:///opt/lampp/htdocs/project/assets/dompdf/lib/php-css-parser/tests/Sabberworm/CSS/CSSList/AtRuleBlockListTest.php
Parsing file:///opt/lampp/htdocs/project/assets/dompdf/lib/php-css-parser/tests/Sabberworm/CSS/CSSList/DocumentTest.php
Parsing file:///opt/lampp/htdocs/project/assets/dompdf/lib/php-css-parser/tests/Sabberworm/CSS/RuleSet/LenientParsingTest.php
Parsing file:///opt/lampp/htdocs/project/assets/dompdf/lib/php-css-parser/tests/Sabberworm/CSS/RuleSet/DeclarationBlockTest.php
Parsing file:///opt/lampp/htdocs/project/assets/dompdf/lib/php-css-parser/tests/Sabberworm/CSS/OutputFormatTest.php
Parsing file:///opt/lampp/htdocs/project/assets/dompdf/lib/php-css-parser/tests/Sabberworm/CSS/ParserTest.php
Parsing file:///opt/lampp/htdocs/project/assets/dompdf/lib/html5lib/TreeBuilder.php
[Info  - 2:24:54 PM] Ignoring file file:///opt/lampp/htdocs/project/assets/dompdf/lib/html5lib/TreeBuilder.php because it exceeds size limit of 150000 bytes (200345)
Parsing file:///opt/lampp/htdocs/project/assets/dompdf/lib/html5lib/Tokenizer.php
Parsing file:///opt/lampp/htdocs/project/assets/dompdf/lib/html5lib/Data.php
Parsing file:///opt/lampp/htdocs/project/assets/dompdf/lib/html5lib/Parser.php
Parsing file:///opt/lampp/htdocs/project/assets/dompdf/lib/html5lib/InputStream.php
Parsing file:///opt/lampp/htdocs/project/assets/dompdf/lib/php-font-lib/index.php
Parsing file:///opt/lampp/htdocs/project/assets/dompdf/lib/php-font-lib/tests/FontLib/FontTest.php
Parsing file:///opt/lampp/htdocs/project/assets/dompdf/lib/php-font-lib/src/FontLib/TrueType/Collection.php
Parsing file:///opt/lampp/htdocs/project/assets/dompdf/lib/php-font-lib/src/FontLib/TrueType/TableDirectoryEntry.php
Parsing file:///opt/lampp/htdocs/project/assets/dompdf/lib/php-font-lib/src/FontLib/TrueType/File.php
Parsing file:///opt/lampp/htdocs/project/assets/dompdf/lib/php-font-lib/src/FontLib/TrueType/Header.php
Parsing file:///opt/lampp/htdocs/project/assets/dompdf/lib/php-font-lib/src/FontLib/OpenType/TableDirectoryEntry.php
Parsing file:///opt/lampp/htdocs/project/assets/dompdf/lib/php-font-lib/src/FontLib/OpenType/File.php
Parsing file:///opt/lampp/htdocs/project/assets/dompdf/lib/php-font-lib/src/FontLib/AdobeFontMetrics.php
Parsing file:///opt/lampp/htdocs/project/assets/dompdf/lib/php-font-lib/src/FontLib/EncodingMap.php
Parsing file:///opt/lampp/htdocs/project/assets/dompdf/lib/php-font-lib/src/FontLib/WOFF/TableDirectoryEntry.php
Parsing file:///opt/lampp/htdocs/project/assets/dompdf/lib/php-font-lib/src/FontLib/WOFF/File.php
Parsing file:///opt/lampp/htdocs/project/assets/dompdf/lib/php-font-lib/src/FontLib/WOFF/Header.php
Parsing file:///opt/lampp/htdocs/project/assets/dompdf/lib/php-font-lib/src/FontLib/Glyph/OutlineComponent.php
Parsing file:///opt/lampp/htdocs/project/assets/dompdf/lib/php-font-lib/src/FontLib/Glyph/OutlineSimple.php
Parsing file:///opt/lampp/htdocs/project/assets/dompdf/lib/php-font-lib/src/FontLib/Glyph/OutlineComposite.php
Parsing file:///opt/lampp/htdocs/project/assets/dompdf/lib/php-font-lib/src/FontLib/Glyph/Outline.php
Parsing file:///opt/lampp/htdocs/project/assets/dompdf/lib/php-font-lib/src/FontLib/Table/DirectoryEntry.php
Parsing file:///opt/lampp/htdocs/project/assets/dompdf/lib/php-font-lib/src/FontLib/Table/Type/hhea.php
Parsing file:///opt/lampp/htdocs/project/assets/dompdf/lib/php-font-lib/src/FontLib/Table/Type/post.php
Parsing file:///opt/lampp/htdocs/project/assets/dompdf/lib/php-font-lib/src/FontLib/Table/Type/maxp.php
Parsing file:///opt/lampp/htdocs/project/assets/dompdf/lib/php-font-lib/src/FontLib/Table/Type/cmap.php
Parsing file:///opt/lampp/htdocs/project/assets/dompdf/lib/php-font-lib/src/FontLib/Table/Type/hmtx.php
Parsing file:///opt/lampp/htdocs/project/assets/dompdf/lib/php-font-lib/src/FontLib/Table/Type/glyf.php
Parsing file:///opt/lampp/htdocs/project/assets/dompdf/lib/php-font-lib/src/FontLib/Table/Type/nameRecord.php
Parsing file:///opt/lampp/htdocs/project/assets/dompdf/lib/php-font-lib/src/FontLib/Table/Type/kern.php
Parsing file:///opt/lampp/htdocs/project/assets/dompdf/lib/php-font-lib/src/FontLib/Table/Type/os2.php
Parsing file:///opt/lampp/htdocs/project/assets/dompdf/lib/php-font-lib/src/FontLib/Table/Type/loca.php
Parsing file:///opt/lampp/htdocs/project/assets/dompdf/lib/php-font-lib/src/FontLib/Table/Type/head.php
Parsing file:///opt/lampp/htdocs/project/assets/dompdf/lib/php-font-lib/src/FontLib/Table/Type/name.php
Parsing file:///opt/lampp/htdocs/project/assets/dompdf/lib/php-font-lib/src/FontLib/Table/Table.php
Parsing file:///opt/lampp/htdocs/project/assets/dompdf/lib/php-font-lib/src/FontLib/Exception/FontNotFoundException.php
Parsing file:///opt/lampp/htdocs/project/assets/dompdf/lib/php-font-lib/src/FontLib/Header.php
Parsing file:///opt/lampp/htdocs/project/assets/dompdf/lib/php-font-lib/src/FontLib/Font.php
Parsing file:///opt/lampp/htdocs/project/assets/dompdf/lib/php-font-lib/src/FontLib/BinaryStream.php
Parsing file:///opt/lampp/htdocs/project/assets/dompdf/lib/php-font-lib/src/FontLib/Autoloader.php
Parsing file:///opt/lampp/htdocs/project/assets/dompdf/lib/php-font-lib/src/FontLib/EOT/File.php
Parsing file:///opt/lampp/htdocs/project/assets/dompdf/lib/php-font-lib/src/FontLib/EOT/Header.php
Parsing file:///opt/lampp/htdocs/project/assets/dompdf/src/Renderer/Block.php
Parsing file:///opt/lampp/htdocs/project/assets/dompdf/src/Renderer/Inline.php
Parsing file:///opt/lampp/htdocs/project/assets/dompdf/src/Renderer/TableCell.php
Parsing file:///opt/lampp/htdocs/project/assets/dompdf/src/Renderer/Text.php
Parsing file:///opt/lampp/htdocs/project/assets/dompdf/src/Renderer/AbstractRenderer.php
Parsing file:///opt/lampp/htdocs/project/assets/dompdf/src/Renderer/TableRowGroup.php
Parsing file:///opt/lampp/htdocs/project/assets/dompdf/src/Renderer/Image.php
Parsing file:///opt/lampp/htdocs/project/assets/dompdf/src/Renderer/ListBullet.php
Parsing file:///opt/lampp/htdocs/project/assets/dompdf/src/LineBox.php
Parsing file:///opt/lampp/htdocs/project/assets/dompdf/src/Helpers.php
Parsing file:///opt/lampp/htdocs/project/assets/dompdf/src/PhpEvaluator.php
Parsing file:///opt/lampp/htdocs/project/assets/dompdf/src/Renderer.php
Parsing file:///opt/lampp/htdocs/project/assets/dompdf/src/FrameReflower/Block.php
Parsing file:///opt/lampp/htdocs/project/assets/dompdf/src/FrameReflower/Inline.php
Parsing file:///opt/lampp/htdocs/project/assets/dompdf/src/FrameReflower/TableRow.php
Parsing file:///opt/lampp/htdocs/project/assets/dompdf/src/FrameReflower/Page.php
Parsing file:///opt/lampp/htdocs/project/assets/dompdf/src/FrameReflower/TableCell.php
Parsing file:///opt/lampp/htdocs/project/assets/dompdf/src/FrameReflower/Text.php
Parsing file:///opt/lampp/htdocs/project/assets/dompdf/src/FrameReflower/AbstractFrameReflower.php
Parsing file:///opt/lampp/htdocs/project/assets/dompdf/src/FrameReflower/TableRowGroup.php
Parsing file:///opt/lampp/htdocs/project/assets/dompdf/src/FrameReflower/Table.php
Parsing file:///opt/lampp/htdocs/project/assets/dompdf/src/FrameReflower/Image.php
Parsing file:///opt/lampp/htdocs/project/assets/dompdf/src/FrameReflower/NullFrameReflower.php
Parsing file:///opt/lampp/htdocs/project/assets/dompdf/src/FrameReflower/ListBullet.php
Parsing file:///opt/lampp/htdocs/project/assets/dompdf/src/Cellmap.php
Parsing file:///opt/lampp/htdocs/project/assets/dompdf/src/Css/Style.php
Parsing file:///opt/lampp/htdocs/project/assets/dompdf/src/Css/AttributeTranslator.php
Parsing file:///opt/lampp/htdocs/project/assets/dompdf/src/Css/Stylesheet.php
Parsing file:///opt/lampp/htdocs/project/assets/dompdf/src/Css/Color.php
Parsing file:///opt/lampp/htdocs/project/assets/dompdf/src/CanvasFactory.php
Parsing file:///opt/lampp/htdocs/project/assets/dompdf/src/Frame/FrameTreeList.php
Parsing file:///opt/lampp/htdocs/project/assets/dompdf/src/Frame/FrameTreeIterator.php
Parsing file:///opt/lampp/htdocs/project/assets/dompdf/src/Frame/FrameTree.php
Parsing file:///opt/lampp/htdocs/project/assets/dompdf/src/Frame/Factory.php
Parsing file:///opt/lampp/htdocs/project/assets/dompdf/src/Frame/FrameListIterator.php
Parsing file:///opt/lampp/htdocs/project/assets/dompdf/src/Frame/FrameList.php
Parsing file:///opt/lampp/htdocs/project/assets/dompdf/src/Exception.php
Parsing file:///opt/lampp/htdocs/project/assets/dompdf/src/Image/Cache.php
Parsing file:///opt/lampp/htdocs/project/assets/dompdf/src/Frame.php
Parsing file:///opt/lampp/htdocs/project/assets/dompdf/src/Adapter/PDFLib.php
Parsing file:///opt/lampp/htdocs/project/assets/dompdf/src/Adapter/CPDF.php
Parsing file:///opt/lampp/htdocs/project/assets/dompdf/src/Adapter/GD.php
Parsing file:///opt/lampp/htdocs/project/assets/dompdf/src/Positioner/AbstractPositioner.php
Parsing file:///opt/lampp/htdocs/project/assets/dompdf/src/Positioner/Block.php
Parsing file:///opt/lampp/htdocs/project/assets/dompdf/src/Positioner/Inline.php
Parsing file:///opt/lampp/htdocs/project/assets/dompdf/src/Positioner/TableRow.php
Parsing file:///opt/lampp/htdocs/project/assets/dompdf/src/Positioner/TableCell.php
Parsing file:///opt/lampp/htdocs/project/assets/dompdf/src/Positioner/NullPositioner.php
Parsing file:///opt/lampp/htdocs/project/assets/dompdf/src/Positioner/Fixed.php
Parsing file:///opt/lampp/htdocs/project/assets/dompdf/src/Positioner/Absolute.php
Parsing file:///opt/lampp/htdocs/project/assets/dompdf/src/Positioner/ListBullet.php
Parsing file:///opt/lampp/htdocs/project/assets/dompdf/src/JavascriptEmbedder.php
Parsing file:///opt/lampp/htdocs/project/assets/dompdf/src/Exception/ImageException.php
Parsing file:///opt/lampp/htdocs/project/assets/dompdf/src/Canvas.php
Parsing file:///opt/lampp/htdocs/project/assets/dompdf/src/FontMetrics.php
Parsing file:///opt/lampp/htdocs/project/assets/dompdf/src/FrameDecorator/Block.php
Parsing file:///opt/lampp/htdocs/project/assets/dompdf/src/FrameDecorator/Inline.php
Parsing file:///opt/lampp/htdocs/project/assets/dompdf/src/FrameDecorator/TableRow.php
Parsing file:///opt/lampp/htdocs/project/assets/dompdf/src/FrameDecorator/Page.php
Parsing file:///opt/lampp/htdocs/project/assets/dompdf/src/FrameDecorator/TableCell.php
Parsing file:///opt/lampp/htdocs/project/assets/dompdf/src/FrameDecorator/Text.php
Parsing file:///opt/lampp/htdocs/project/assets/dompdf/src/FrameDecorator/AbstractFrameDecorator.php
Parsing file:///opt/lampp/htdocs/project/assets/dompdf/src/FrameDecorator/ListBulletImage.php
Parsing file:///opt/lampp/htdocs/project/assets/dompdf/src/FrameDecorator/TableRowGroup.php
Parsing file:///opt/lampp/htdocs/project/assets/dompdf/src/FrameDecorator/Table.php
Parsing file:///opt/lampp/htdocs/project/assets/dompdf/src/FrameDecorator/Image.php
Parsing file:///opt/lampp/htdocs/project/assets/dompdf/src/FrameDecorator/NullFrameDecorator.php
Parsing file:///opt/lampp/htdocs/project/assets/dompdf/src/FrameDecorator/ListBullet.php
Parsing file:///opt/lampp/htdocs/project/assets/dompdf/src/Options.php
Parsing file:///opt/lampp/htdocs/project/assets/dompdf/src/Autoloader.php
Parsing file:///opt/lampp/htdocs/project/assets/dompdf/src/Dompdf.php
Parsing file:///opt/lampp/htdocs/project/assets/dompdf/autoload.inc.php
Parsing file:///opt/lampp/htdocs/project/assets/vendors/bootstrap-wysiwyg/examples/php/upload.php
Parsing file:///opt/lampp/htdocs/project/harviacode/index.php
Parsing file:///opt/lampp/htdocs/project/harviacode/core/create_view_read.php
Parsing file:///opt/lampp/htdocs/project/harviacode/core/create_view_list_datatables.php
Parsing file:///opt/lampp/htdocs/project/harviacode/core/create_model.php
Parsing file:///opt/lampp/htdocs/project/harviacode/core/create_libraries_datatables.php
Parsing file:///opt/lampp/htdocs/project/harviacode/core/create_view_list_pdf.php
Parsing file:///opt/lampp/htdocs/project/harviacode/core/helper.php
Parsing file:///opt/lampp/htdocs/project/harviacode/core/create_pdf_library.php
Parsing file:///opt/lampp/htdocs/project/harviacode/core/create_view_form.php
Parsing file:///opt/lampp/htdocs/project/harviacode/core/create_exportexcel_helper.php
Parsing file:///opt/lampp/htdocs/project/harviacode/core/create_view_list.php
Parsing file:///opt/lampp/htdocs/project/harviacode/core/create_controller.php
Parsing file:///opt/lampp/htdocs/project/harviacode/core/create_view_list_doc.php
Parsing file:///opt/lampp/htdocs/project/harviacode/core/process.php
Parsing file:///opt/lampp/htdocs/project/harviacode/core/setting.php
Parsing file:///opt/lampp/htdocs/project/harviacode/core/harviacode.php
Parsing file:///opt/lampp/htdocs/project/harviacode/core/create_config_pagination.php
Parsing file:///opt/lampp/htdocs/project/harviacode/output/models/index.php
Parsing file:///opt/lampp/htdocs/project/harviacode/output/views/index.php
Parsing file:///opt/lampp/htdocs/project/harviacode/output/config/index.php
Parsing file:///opt/lampp/htdocs/project/harviacode/output/controllers/index.php
Parsing file:///opt/lampp/htdocs/project/harviacode/output/helpers/index.php
Parsing file:///opt/lampp/htdocs/project/system/libraries/Pagination.php
Parsing file:///opt/lampp/htdocs/project/system/libraries/Calendar.php
Parsing file:///opt/lampp/htdocs/project/system/libraries/Cart.php
Parsing file:///opt/lampp/htdocs/project/system/libraries/Typography.php
Parsing file:///opt/lampp/htdocs/project/system/libraries/Session/Session.php
Parsing file:///opt/lampp/htdocs/project/system/libraries/Session/drivers/Session_memcached_driver.php
Parsing file:///opt/lampp/htdocs/project/system/libraries/Session/drivers/Session_redis_driver.php
Parsing file:///opt/lampp/htdocs/project/system/libraries/Session/drivers/Session_database_driver.php
Parsing file:///opt/lampp/htdocs/project/system/libraries/Session/drivers/Session_files_driver.php
Parsing file:///opt/lampp/htdocs/project/system/libraries/Session/Session_driver.php
Parsing file:///opt/lampp/htdocs/project/system/libraries/Session/SessionHandlerInterface.php
Parsing file:///opt/lampp/htdocs/project/system/libraries/Parser.php
Parsing file:///opt/lampp/htdocs/project/system/libraries/Encryption.php
Parsing file:///opt/lampp/htdocs/project/system/libraries/Upload.php
Parsing file:///opt/lampp/htdocs/project/system/libraries/Unit_test.php
Parsing file:///opt/lampp/htdocs/project/system/libraries/Zip.php
Parsing file:///opt/lampp/htdocs/project/system/libraries/Xmlrpcs.php
Parsing file:///opt/lampp/htdocs/project/system/libraries/Driver.php
Parsing file:///opt/lampp/htdocs/project/system/libraries/Ftp.php
Parsing file:///opt/lampp/htdocs/project/system/libraries/Table.php
Parsing file:///opt/lampp/htdocs/project/system/libraries/Encrypt.php
Parsing file:///opt/lampp/htdocs/project/system/libraries/Javascript/Jquery.php
Parsing file:///opt/lampp/htdocs/project/system/libraries/Image_lib.php
Parsing file:///opt/lampp/htdocs/project/system/libraries/Migration.php
Parsing file:///opt/lampp/htdocs/project/system/libraries/User_agent.php
Parsing file:///opt/lampp/htdocs/project/system/libraries/Email.php
Parsing file:///opt/lampp/htdocs/project/system/libraries/Cache/drivers/Cache_file.php
Parsing file:///opt/lampp/htdocs/project/system/libraries/Cache/drivers/Cache_dummy.php
Parsing file:///opt/lampp/htdocs/project/system/libraries/Cache/drivers/Cache_apc.php
Parsing file:///opt/lampp/htdocs/project/system/libraries/Cache/drivers/Cache_memcached.php
Parsing file:///opt/lampp/htdocs/project/system/libraries/Cache/drivers/Cache_redis.php
Parsing file:///opt/lampp/htdocs/project/system/libraries/Cache/drivers/Cache_wincache.php
Parsing file:///opt/lampp/htdocs/project/system/libraries/Cache/Cache.php
Parsing file:///opt/lampp/htdocs/project/system/libraries/Javascript.php
Parsing file:///opt/lampp/htdocs/project/system/libraries/Trackback.php
Parsing file:///opt/lampp/htdocs/project/system/libraries/Profiler.php
Parsing file:///opt/lampp/htdocs/project/system/libraries/Xmlrpc.php
Parsing file:///opt/lampp/htdocs/project/system/libraries/Form_validation.php
Parsing file:///opt/lampp/htdocs/project/system/core/Log.php
Parsing file:///opt/lampp/htdocs/project/system/core/Controller.php
Parsing file:///opt/lampp/htdocs/project/system/core/compat/password.php
Parsing file:///opt/lampp/htdocs/project/system/core/compat/standard.php
Parsing file:///opt/lampp/htdocs/project/system/core/compat/hash.php
Parsing file:///opt/lampp/htdocs/project/system/core/compat/mbstring.php
Parsing file:///opt/lampp/htdocs/project/system/core/Output.php
Parsing file:///opt/lampp/htdocs/project/system/core/Benchmark.php
Parsing file:///opt/lampp/htdocs/project/system/core/Input.php
Parsing file:///opt/lampp/htdocs/project/system/core/Common.php
Parsing file:///opt/lampp/htdocs/project/system/core/Loader.php
Parsing file:///opt/lampp/htdocs/project/system/core/Model.php
Parsing file:///opt/lampp/htdocs/project/system/core/Hooks.php
Parsing file:///opt/lampp/htdocs/project/system/core/Lang.php
Parsing file:///opt/lampp/htdocs/project/system/core/Security.php
Parsing file:///opt/lampp/htdocs/project/system/core/URI.php
Parsing file:///opt/lampp/htdocs/project/system/core/Router.php
Parsing file:///opt/lampp/htdocs/project/system/core/Config.php
Parsing file:///opt/lampp/htdocs/project/system/core/Utf8.php
Parsing file:///opt/lampp/htdocs/project/system/core/CodeIgniter.php
Parsing file:///opt/lampp/htdocs/project/system/core/Exceptions.php
Parsing file:///opt/lampp/htdocs/project/system/database/DB_driver.php
Parsing file:///opt/lampp/htdocs/project/system/database/DB_utility.php
Parsing file:///opt/lampp/htdocs/project/system/database/DB_forge.php
Parsing file:///opt/lampp/htdocs/project/system/database/drivers/ibase/ibase_result.php
Parsing file:///opt/lampp/htdocs/project/system/database/drivers/ibase/ibase_driver.php
Parsing file:///opt/lampp/htdocs/project/system/database/drivers/ibase/ibase_forge.php
Parsing file:///opt/lampp/htdocs/project/system/database/drivers/ibase/ibase_utility.php
Parsing file:///opt/lampp/htdocs/project/system/database/drivers/mysql/mysql_utility.php
Parsing file:///opt/lampp/htdocs/project/system/database/drivers/mysql/mysql_result.php
Parsing file:///opt/lampp/htdocs/project/system/database/drivers/mysql/mysql_forge.php
Parsing file:///opt/lampp/htdocs/project/system/database/drivers/mysql/mysql_driver.php
Parsing file:///opt/lampp/htdocs/project/system/database/drivers/mssql/mssql_utility.php
Parsing file:///opt/lampp/htdocs/project/system/database/drivers/mssql/mssql_result.php
Parsing file:///opt/lampp/htdocs/project/system/database/drivers/mssql/mssql_driver.php
Parsing file:///opt/lampp/htdocs/project/system/database/drivers/mssql/mssql_forge.php
Parsing file:///opt/lampp/htdocs/project/system/database/drivers/sqlsrv/sqlsrv_utility.php
Parsing file:///opt/lampp/htdocs/project/system/database/drivers/sqlsrv/sqlsrv_result.php
Parsing file:///opt/lampp/htdocs/project/system/database/drivers/sqlsrv/sqlsrv_driver.php
Parsing file:///opt/lampp/htdocs/project/system/database/drivers/sqlsrv/sqlsrv_forge.php
Parsing file:///opt/lampp/htdocs/project/system/database/drivers/odbc/odbc_result.php
Parsing file:///opt/lampp/htdocs/project/system/database/drivers/odbc/odbc_forge.php
Parsing file:///opt/lampp/htdocs/project/system/database/drivers/odbc/odbc_utility.php
Parsing file:///opt/lampp/htdocs/project/system/database/drivers/odbc/odbc_driver.php
Parsing file:///opt/lampp/htdocs/project/system/database/drivers/oci8/oci8_result.php
Parsing file:///opt/lampp/htdocs/project/system/database/drivers/oci8/oci8_utility.php
Parsing file:///opt/lampp/htdocs/project/system/database/drivers/oci8/oci8_driver.php
Parsing file:///opt/lampp/htdocs/project/system/database/drivers/oci8/oci8_forge.php
Parsing file:///opt/lampp/htdocs/project/system/database/drivers/cubrid/cubrid_forge.php
Parsing file:///opt/lampp/htdocs/project/system/database/drivers/cubrid/cubrid_driver.php
Parsing file:///opt/lampp/htdocs/project/system/database/drivers/cubrid/cubrid_result.php
Parsing file:///opt/lampp/htdocs/project/system/database/drivers/cubrid/cubrid_utility.php
Parsing file:///opt/lampp/htdocs/project/system/database/drivers/sqlite/sqlite_result.php
Parsing file:///opt/lampp/htdocs/project/system/database/drivers/sqlite/sqlite_utility.php
Parsing file:///opt/lampp/htdocs/project/system/database/drivers/sqlite/sqlite_forge.php
Parsing file:///opt/lampp/htdocs/project/system/database/drivers/sqlite/sqlite_driver.php
Parsing file:///opt/lampp/htdocs/project/system/database/drivers/mysqli/mysqli_forge.php
Parsing file:///opt/lampp/htdocs/project/system/database/drivers/mysqli/mysqli_utility.php
Parsing file:///opt/lampp/htdocs/project/system/database/drivers/mysqli/mysqli_result.php
Parsing file:///opt/lampp/htdocs/project/system/database/drivers/mysqli/mysqli_driver.php
Parsing file:///opt/lampp/htdocs/project/system/database/drivers/pdo/pdo_forge.php
Parsing file:///opt/lampp/htdocs/project/system/database/drivers/pdo/subdrivers/pdo_4d_forge.php
Parsing file:///opt/lampp/htdocs/project/system/database/drivers/pdo/subdrivers/pdo_informix_driver.php
Parsing file:///opt/lampp/htdocs/project/system/database/drivers/pdo/subdrivers/pdo_dblib_driver.php
Parsing file:///opt/lampp/htdocs/project/system/database/drivers/pdo/subdrivers/pdo_firebird_forge.php
Parsing file:///opt/lampp/htdocs/project/system/database/drivers/pdo/subdrivers/pdo_mysql_driver.php
Parsing file:///opt/lampp/htdocs/project/system/database/drivers/pdo/subdrivers/pdo_pgsql_forge.php
Parsing file:///opt/lampp/htdocs/project/system/database/drivers/pdo/subdrivers/pdo_ibm_forge.php
Parsing file:///opt/lampp/htdocs/project/system/database/drivers/pdo/subdrivers/pdo_4d_driver.php
Parsing file:///opt/lampp/htdocs/project/system/database/drivers/pdo/subdrivers/pdo_sqlsrv_forge.php
Parsing file:///opt/lampp/htdocs/project/system/database/drivers/pdo/subdrivers/pdo_sqlsrv_driver.php
Parsing file:///opt/lampp/htdocs/project/system/database/drivers/pdo/subdrivers/pdo_oci_forge.php
Parsing file:///opt/lampp/htdocs/project/system/database/drivers/pdo/subdrivers/pdo_pgsql_driver.php
Parsing file:///opt/lampp/htdocs/project/system/database/drivers/pdo/subdrivers/pdo_sqlite_forge.php
Parsing file:///opt/lampp/htdocs/project/system/database/drivers/pdo/subdrivers/pdo_sqlite_driver.php
Parsing file:///opt/lampp/htdocs/project/system/database/drivers/pdo/subdrivers/pdo_ibm_driver.php
Parsing file:///opt/lampp/htdocs/project/system/database/drivers/pdo/subdrivers/pdo_firebird_driver.php
Parsing file:///opt/lampp/htdocs/project/system/database/drivers/pdo/subdrivers/pdo_oci_driver.php
Parsing file:///opt/lampp/htdocs/project/system/database/drivers/pdo/subdrivers/pdo_dblib_forge.php
Parsing file:///opt/lampp/htdocs/project/system/database/drivers/pdo/subdrivers/pdo_mysql_forge.php
Parsing file:///opt/lampp/htdocs/project/system/database/drivers/pdo/subdrivers/pdo_cubrid_forge.php
Parsing file:///opt/lampp/htdocs/project/system/database/drivers/pdo/subdrivers/pdo_odbc_forge.php
Parsing file:///opt/lampp/htdocs/project/system/database/drivers/pdo/subdrivers/pdo_odbc_driver.php
Parsing file:///opt/lampp/htdocs/project/system/database/drivers/pdo/subdrivers/pdo_cubrid_driver.php
Parsing file:///opt/lampp/htdocs/project/system/database/drivers/pdo/subdrivers/pdo_informix_forge.php
Parsing file:///opt/lampp/htdocs/project/system/database/drivers/pdo/pdo_driver.php
Parsing file:///opt/lampp/htdocs/project/system/database/drivers/pdo/pdo_result.php
Parsing file:///opt/lampp/htdocs/project/system/database/drivers/pdo/pdo_utility.php
Parsing file:///opt/lampp/htdocs/project/system/database/drivers/postgre/postgre_utility.php
Parsing file:///opt/lampp/htdocs/project/system/database/drivers/postgre/postgre_result.php
Parsing file:///opt/lampp/htdocs/project/system/database/drivers/postgre/postgre_forge.php
Parsing file:///opt/lampp/htdocs/project/system/database/drivers/postgre/postgre_driver.php
Parsing file:///opt/lampp/htdocs/project/system/database/drivers/sqlite3/sqlite3_result.php
Parsing file:///opt/lampp/htdocs/project/system/database/drivers/sqlite3/sqlite3_driver.php
Parsing file:///opt/lampp/htdocs/project/system/database/drivers/sqlite3/sqlite3_forge.php
Parsing file:///opt/lampp/htdocs/project/system/database/drivers/sqlite3/sqlite3_utility.php
Parsing file:///opt/lampp/htdocs/project/system/database/DB_cache.php
Parsing file:///opt/lampp/htdocs/project/system/database/DB.php
Parsing file:///opt/lampp/htdocs/project/system/database/DB_result.php
Parsing file:///opt/lampp/htdocs/project/system/database/DB_query_builder.php
Parsing file:///opt/lampp/htdocs/project/system/helpers/directory_helper.php
Parsing file:///opt/lampp/htdocs/project/system/helpers/text_helper.php
Parsing file:///opt/lampp/htdocs/project/system/helpers/file_helper.php
Parsing file:///opt/lampp/htdocs/project/system/helpers/html_helper.php
Parsing file:///opt/lampp/htdocs/project/system/helpers/url_helper.php
Parsing file:///opt/lampp/htdocs/project/system/helpers/typography_helper.php
Parsing file:///opt/lampp/htdocs/project/system/helpers/cookie_helper.php
Parsing file:///opt/lampp/htdocs/project/system/helpers/language_helper.php
Parsing file:///opt/lampp/htdocs/project/system/helpers/number_helper.php
Parsing file:///opt/lampp/htdocs/project/system/helpers/security_helper.php
Parsing file:///opt/lampp/htdocs/project/system/helpers/array_helper.php
Parsing file:///opt/lampp/htdocs/project/system/helpers/date_helper.php
Parsing file:///opt/lampp/htdocs/project/system/helpers/string_helper.php
Parsing file:///opt/lampp/htdocs/project/system/helpers/captcha_helper.php
Parsing file:///opt/lampp/htdocs/project/system/helpers/path_helper.php
Parsing file:///opt/lampp/htdocs/project/system/helpers/download_helper.php
Parsing file:///opt/lampp/htdocs/project/system/helpers/smiley_helper.php
Parsing file:///opt/lampp/htdocs/project/system/helpers/xml_helper.php
Parsing file:///opt/lampp/htdocs/project/system/helpers/email_helper.php
Parsing file:///opt/lampp/htdocs/project/system/helpers/form_helper.php
Parsing file:///opt/lampp/htdocs/project/system/helpers/inflector_helper.php
Parsing file:///opt/lampp/htdocs/project/system/language/english/form_validation_lang.php
Parsing file:///opt/lampp/htdocs/project/system/language/english/pagination_lang.php
Parsing file:///opt/lampp/htdocs/project/system/language/english/unit_test_lang.php
Parsing file:///opt/lampp/htdocs/project/system/language/english/db_lang.php
Parsing file:///opt/lampp/htdocs/project/system/language/english/number_lang.php
Parsing file:///opt/lampp/htdocs/project/system/language/english/date_lang.php
Parsing file:///opt/lampp/htdocs/project/system/language/english/migration_lang.php
Parsing file:///opt/lampp/htdocs/project/system/language/english/ftp_lang.php
Parsing file:///opt/lampp/htdocs/project/system/language/english/upload_lang.php
Parsing file:///opt/lampp/htdocs/project/system/language/english/profiler_lang.php
Parsing file:///opt/lampp/htdocs/project/system/language/english/email_lang.php
Parsing file:///opt/lampp/htdocs/project/system/language/english/imglib_lang.php
Parsing file:///opt/lampp/htdocs/project/system/language/english/calendar_lang.php
[Info  - 2:25:01 PM] 0 Packages
[Info  - 2:25:01 PM] All 479 PHP files parsed in 24 seconds. 174 MiB allocated.
